#
# A fatal error has been detected by the Java Runtime Environment:
#
#  EXCEPTION_ACCESS_VIOLATION (0xc0000005) at pc=0x0000000056fa4db2, pid=7668, tid=8440
#
# JRE version: Java(TM) SE Runtime Environment (8.0_11-b12) (build 1.8.0_11-b12)
# Java VM: Java HotSpot(TM) 64-Bit Server VM (25.11-b03 mixed mode windows-amd64 compressed oops)
# Problematic frame:
# V  [jvm.dll+0x424db2]
#
# Failed to write core dump. Minidumps are not enabled by default on client versions of Windows
#
# If you would like to submit a bug report, please visit:
#   http://bugreport.sun.com/bugreport/crash.jsp
#

---------------  T H R E A D  ---------------

Current thread (0x0000000007481800):  JavaThread "C2 CompilerThread0" daemon [_thread_in_native, id=8440, stack(0x0000000008b90000,0x0000000008c90000)]

siginfo: ExceptionCode=0xc0000005, reading address 0x0000000000000000

Registers:
RAX=0x0000000009788f38, RBX=0x0000000000000600, RCX=0x0000000000000000, RDX=0x000000001ec62080
RSP=0x0000000008c8c2c0, RBP=0x00000000000000c0, RSI=0x00000000000000b8, RDI=0x0000000000000000
R8 =0x0000000056b80000, R9 =0x0000000008c8c5e0, R10=0x00000000ffffffff, R11=0x00000000074bc8b0
R12=0x0000000009789640, R13=0x000000000cc16d38, R14=0x0000000000000008, R15=0x000000000cc16d38
RIP=0x0000000056fa4db2, EFLAGS=0x0000000000010206

Top of Stack: (sp=0x0000000008c8c2c0)
0x0000000008c8c2c0:   00000000000000da 00000000000000b0
0x0000000008c8c2d0:   000000000000000a 0000000000000400
0x0000000008c8c2e0:   0000000000000001 0000000000000600
0x0000000008c8c2f0:   0000000000000180 00000000000000c0
0x0000000008c8c300:   000000001e08bf50 00000000074950d0
0x0000000008c8c310:   00000000000006d0 000000001ec5d9c0
0x0000000008c8c320:   0000000008c8c5e0 0000000009786090
0x0000000008c8c330:   0000000000000020 0000000000000009
0x0000000008c8c340:   0000000009789610 00000000000000da
0x0000000008c8c350:   000000000cc16d38 0000000056fa598d
0x0000000008c8c360:   0000000009789610 000000000000001c
0x0000000008c8c370:   00000000000000da 0000000008c8c5e0
0x0000000008c8c380:   000000001ec62080 00000000000000da
0x0000000008c8c390:   0000000009786090 0000000000000020
0x0000000008c8c3a0:   000000001ea7a100 0000000008c8e950
0x0000000008c8c3b0:   000000001ea7a730 0000000009789610 

Instructions: (pc=0x0000000056fa4db2)
0x0000000056fa4d92:   c6 48 63 f0 48 03 f1 eb 04 48 83 ce ff 48 8b 84
0x0000000056fa4da2:   24 a0 00 00 00 48 8b 40 08 48 8b 3c 03 48 8b cf
0x0000000056fa4db2:   48 8b 07 ff 50 28 4c 8d 05 41 b2 bd ff 48 63 50
0x0000000056fa4dc2:   10 4c 8b d8 48 8b ca 48 c1 e1 05 42 80 bc 01 c0 


Register to memory mapping:

RAX=0x0000000009788f38 is an unknown value
RBX=0x0000000000000600 is an unknown value
RCX=0x0000000000000000 is an unknown value
RDX=0x000000001ec62080 is an unknown value
RSP=0x0000000008c8c2c0 is pointing into the stack for thread: 0x0000000007481800
RBP=0x00000000000000c0 is an unknown value
RSI=0x00000000000000b8 is an unknown value
RDI=0x0000000000000000 is an unknown value
R8 =0x0000000056b80000 is an unknown value
R9 =0x0000000008c8c5e0 is pointing into the stack for thread: 0x0000000007481800
R10=0x00000000ffffffff is an unknown value
R11=0x00000000074bc8b0 is an unknown value
R12=0x0000000009789640 is an unknown value
R13=0x000000000cc16d38 is an unknown value
R14=0x0000000000000008 is an unknown value
R15=0x000000000cc16d38 is an unknown value


Stack: [0x0000000008b90000,0x0000000008c90000],  sp=0x0000000008c8c2c0,  free space=1008k
Native frames: (J=compiled Java code, j=interpreted, Vv=VM code, C=native code)
V  [jvm.dll+0x424db2]
V  [jvm.dll+0x42598d]
V  [jvm.dll+0x425ecf]
V  [jvm.dll+0x4c5a84]
V  [jvm.dll+0x4415bc]
V  [jvm.dll+0x443a29]
V  [jvm.dll+0x427722]
V  [jvm.dll+0x96982]
V  [jvm.dll+0x97173]
V  [jvm.dll+0x2234b4]
V  [jvm.dll+0x27bcca]
C  [msvcr100.dll+0x21d9f]
C  [msvcr100.dll+0x21e3b]
C  [kernel32.dll+0x159ed]
C  [ntdll.dll+0x2c541]


Current CompileTask:
C2:  28334 6145       4       groovy.lang.MetaClassImpl::findPropertyMethod (356 bytes)


---------------  P R O C E S S  ---------------

Java Threads: ( => current thread )
  0x0000000009715000 JavaThread "Unknown thread" [_thread_blocked, id=5464, stack(0x0000000021db0000,0x0000000021eb0000)]
  0x000000000eac8000 
[error occurred during error reporting (printing all threads), id 0xc0000005]

VM state:at safepoint (normal execution)

VM Mutex/Monitor currently owned by a thread:  ([mutex/lock_event])
[0x0000000002648900] Threads_lock - owner thread: 0x00000000026dc000
[0x0000000002648e00] Heap_lock - owner thread: 0x000000000ec32000

Heap:
 PSYoungGen      total 220672K, used 22000K [0x00000000f0000000, 0x0000000100000000, 0x0000000100000000)
  eden space 198656K, 0% used [0x00000000f0000000,0x00000000f0000000,0x00000000fc200000)
  from space 22016K, 99% used [0x00000000fea80000,0x00000000ffffc270,0x0000000100000000)
  to   space 31744K, 0% used [0x00000000fc200000,0x00000000fc200000,0x00000000fe100000)
 ParOldGen       total 107520K, used 100745K [0x00000000d0000000, 0x00000000d6900000, 0x00000000f0000000)
  object space 107520K, 93% used [0x00000000d0000000,0x00000000d62627f0,0x00000000d6900000)
 Metaspace       used 65658K, capacity 67560K, committed 67840K, reserved 1110016K
  class space    used 7308K, capacity 7819K, committed 7936K, reserved 1048576K

Card table byte_map: [0x00000000030c0000,0x0000000003250000] byte_map_base: 0x0000000002a40000

Marking Bits: (ParMarkBitMap*) 0x00000000573312b0
 Begin Bits: [0x0000000004070000, 0x0000000004c70000)
 End Bits:   [0x0000000004c70000, 0x0000000005870000)

Polling page: 0x0000000002130000

CodeCache: size=245760Kb used=19378Kb max_used=19784Kb free=226381Kb
 bounds [0x000000000f010000, 0x0000000010390000, 0x000000001e010000]
 total_blobs=6228 nmethods=5467 adapters=671
 compilation: enabled

Compilation events (10 events):
Event: 27.301 Thread 0x00000000074a3000 6232       2       org.codehaus.groovy.runtime.callsite.PojoMetaMethodSite::createCachedMethodSite (60 bytes)
Event: 27.302 Thread 0x00000000074a3000 nmethod 6232 0x000000000fce29d0 code [0x000000000fce2b80, 0x000000000fce30c8]
Event: 27.323 Thread 0x00000000074a3000 6233       2       org.codehaus.groovy.runtime.metaclass.MetaMethodIndex::isNonRealMethod (55 bytes)
Event: 27.324 Thread 0x00000000074a3000 nmethod 6233 0x000000000f50b0d0 code [0x000000000f50b240, 0x000000000f50b550]
Event: 27.324 Thread 0x00000000074a2000 

Event: 27.325 Thread 0x00000000074a2000 6158       4       groovy.lang.MetaClassImpl::createMetaBeanProperty (218 bytes)
Event: 27.333 Thread 0x00000000074a3000 6234   !   2       org.codehaus.groovy.reflection.CachedMethod::createStaticMetaMethodSite (129 bytes)
Event: 27.334 Thread 0x00000000074a3000 nmethod 6234 0x000000000f6e5150 code [0x000000000f6e5320, 0x000000000f6e5b28]
Event: 27.344 Thread 0x00000000074a2000 nmethod 6158 0x000000000f51f610 code [0x000000000f51f800, 0x000000000f5203a8]
Event: 27.345 Thread 0x00000000074a2000 6235       4       org.codehaus.groovy.runtime.metaclass.MetaMethodIndex::copyNonPrivateNonNewMetaMethods (171 bytes)

GC Heap History (10 events):
Event: 21.987 GC heap before
{Heap before GC invocations=58 (full 6):
 PSYoungGen      total 246784K, used 246609K [0x00000000f0000000, 0x0000000100000000, 0x0000000100000000)
  eden space 235008K, 100% used [0x00000000f0000000,0x00000000fe580000,0x00000000fe580000)
  from space 11776K, 98% used [0x00000000fe580000,0x00000000ff0d4458,0x00000000ff100000)
  to   space 14848K, 0% used [0x00000000ff180000,0x00000000ff180000,0x0000000100000000)
 ParOldGen       total 92160K, used 79363K [0x00000000d0000000, 0x00000000d5a00000, 0x00000000f0000000)
  object space 92160K, 86% used [0x00000000d0000000,0x00000000d4d80ea8,0x00000000d5a00000)
 Metaspace       used 59931K, capacity 61618K, committed 62080K, reserved 1103872K
  class space    used 6481K, capacity 6959K, committed 7040K, reserved 1048576K
Event: 22.003 GC heap after
Heap after GC invocations=58 (full 6):
 PSYoungGen      total 238080K, used 14817K [0x00000000f0000000, 0x0000000100000000, 0x0000000100000000)
  eden space 223232K, 0% used [0x00000000f0000000,0x00000000f0000000,0x00000000fda00000)
  from space 14848K, 99% used [0x00000000ff180000,0x00000000ffff85a0,0x0000000100000000)
  to   space 19456K, 0% used [0x00000000fda00000,0x00000000fda00000,0x00000000fed00000)
 ParOldGen       total 92160K, used 84550K [0x00000000d0000000, 0x00000000d5a00000, 0x00000000f0000000)
  object space 92160K, 91% used [0x00000000d0000000,0x00000000d52919e8,0x00000000d5a00000)
 Metaspace       used 59931K, capacity 61618K, committed 62080K, reserved 1103872K
  class space    used 6481K, capacity 6959K, committed 7040K, reserved 1048576K
}
Event: 22.003 GC heap before
{Heap before GC invocations=59 (full 7):
 PSYoungGen      total 238080K, used 14817K [0x00000000f0000000, 0x0000000100000000, 0x0000000100000000)
  eden space 223232K, 0% used [0x00000000f0000000,0x00000000f0000000,0x00000000fda00000)
  from space 14848K, 99% used [0x00000000ff180000,0x00000000ffff85a0,0x0000000100000000)
  to   space 19456K, 0% used [0x00000000fda00000,0x00000000fda00000,0x00000000fed00000)
 ParOldGen       total 92160K, used 84550K [0x00000000d0000000, 0x00000000d5a00000, 0x00000000f0000000)
  object space 92160K, 91% used [0x00000000d0000000,0x00000000d52919e8,0x00000000d5a00000)
 Metaspace       used 59931K, capacity 61618K, committed 62080K, reserved 1103872K
  class space    used 6481K, capacity 6959K, committed 7040K, reserved 1048576K
Event: 23.450 GC heap after
Heap after GC invocations=59 (full 7):
 PSYoungGen      total 238080K, used 5064K [0x00000000f0000000, 0x0000000100000000, 0x0000000100000000)
  eden space 223232K, 0% used [0x00000000f0000000,0x00000000f0000000,0x00000000fda00000)
  from space 14848K, 34% used [0x00000000ff180000,0x00000000ff672080,0x0000000100000000)
  to   space 19456K, 0% used [0x00000000fda00000,0x00000000fda00000,0x00000000fed00000)
 ParOldGen       total 107520K, used 92130K [0x00000000d0000000, 0x00000000d6900000, 0x00000000f0000000)
  object space 107520K, 85% used [0x00000000d0000000,0x00000000d59f8a78,0x00000000d6900000)
 Metaspace       used 59931K, capacity 61618K, committed 62080K, reserved 1103872K
  class space    used 6481K, capacity 6959K, committed 7040K, reserved 1048576K
}
Event: 24.504 GC heap before
{Heap before GC invocations=60 (full 7):
 PSYoungGen      total 238080K, used 228296K [0x00000000f0000000, 0x0000000100000000, 0x0000000100000000)
  eden space 223232K, 100% used [0x00000000f0000000,0x00000000fda00000,0x00000000fda00000)
  from space 14848K, 34% used [0x00000000ff180000,0x00000000ff672080,0x0000000100000000)
  to   space 19456K, 0% used [0x00000000fda00000,0x00000000fda00000,0x00000000fed00000)
 ParOldGen       total 107520K, used 92130K [0x00000000d0000000, 0x00000000d6900000, 0x00000000f0000000)
  object space 107520K, 85% used [0x00000000d0000000,0x00000000d59f8a78,0x00000000d6900000)
 Metaspace       used 61187K, capacity 62878K, committed 63232K, reserved 1105920K
  class space    used 6625K, capacity 7100K, committed 7168K, reserved 1048576K
Event: 24.563 GC heap after
Heap after GC invocations=60 (full 7):
 PSYoungGen      total 242688K, used 8615K [0x00000000f0000000, 0x0000000100000000, 0x0000000100000000)
  eden space 223232K, 0% used [0x00000000f0000000,0x00000000f0000000,0x00000000fda00000)
  from space 19456K, 44% used [0x00000000fda00000,0x00000000fe269fd8,0x00000000fed00000)
  to   space 18944K, 0% used [0x00000000fed80000,0x00000000fed80000,0x0000000100000000)
 ParOldGen       total 107520K, used 92662K [0x00000000d0000000, 0x00000000d6900000, 0x00000000f0000000)
  object space 107520K, 86% used [0x00000000d0000000,0x00000000d5a7da98,0x00000000d6900000)
 Metaspace       used 61187K, capacity 62878K, committed 63232K, reserved 1105920K
  class space    used 6625K, capacity 7100K, committed 7168K, reserved 1048576K
}
Event: 25.851 GC heap before
{Heap before GC invocations=61 (full 7):
 PSYoungGen      total 242688K, used 226738K [0x00000000f0000000, 0x0000000100000000, 0x0000000100000000)
  eden space 223232K, 97% used [0x00000000f0000000,0x00000000fd502830,0x00000000fda00000)
  from space 19456K, 44% used [0x00000000fda00000,0x00000000fe269fd8,0x00000000fed00000)
  to   space 18944K, 0% used [0x00000000fed80000,0x00000000fed80000,0x0000000100000000)
 ParOldGen       total 107520K, used 92662K [0x00000000d0000000, 0x00000000d6900000, 0x00000000f0000000)
  object space 107520K, 86% used [0x00000000d0000000,0x00000000d5a7da98,0x00000000d6900000)
 Metaspace       used 63033K, capacity 64740K, committed 65280K, reserved 1107968K
  class space    used 6883K, capacity 7357K, committed 7424K, reserved 1048576K
Event: 25.901 GC heap after
Heap after GC invocations=61 (full 7):
 PSYoungGen      total 237056K, used 18037K [0x00000000f0000000, 0x0000000100000000, 0x0000000100000000)
  eden space 218112K, 0% used [0x00000000f0000000,0x00000000f0000000,0x00000000fd500000)
  from space 18944K, 95% used [0x00000000fed80000,0x00000000fff1d550,0x0000000100000000)
  to   space 22016K, 0% used [0x00000000fd500000,0x00000000fd500000,0x00000000fea80000)
 ParOldGen       total 107520K, used 92670K [0x00000000d0000000, 0x00000000d6900000, 0x00000000f0000000)
  object space 107520K, 86% used [0x00000000d0000000,0x00000000d5a7fa98,0x00000000d6900000)
 Metaspace       used 63033K, capacity 64740K, committed 65280K, reserved 1107968K
  class space    used 6883K, capacity 7357K, committed 7424K, reserved 1048576K
}
Event: 27.106 GC heap before
{Heap before GC invocations=62 (full 7):
 PSYoungGen      total 237056K, used 232316K [0x00000000f0000000, 0x0000000100000000, 0x0000000100000000)
  eden space 218112K, 98% used [0x00000000f0000000,0x00000000fd141df0,0x00000000fd500000)
  from space 18944K, 95% used [0x00000000fed80000,0x00000000fff1d550,0x0000000100000000)
  to   space 22016K, 0% used [0x00000000fd500000,0x00000000fd500000,0x00000000fea80000)
 ParOldGen       total 107520K, used 92670K [0x00000000d0000000, 0x00000000d6900000, 0x00000000f0000000)
  object space 107520K, 86% used [0x00000000d0000000,0x00000000d5a7fa98,0x00000000d6900000)
 Metaspace       used 64019K, capacity 65806K, committed 66176K, reserved 1107968K
  class space    used 7045K, capacity 7509K, committed 7552K, reserved 1048576K
Event: 27.129 GC heap after
Heap after GC invocations=62 (full 7):
 PSYoungGen      total 240128K, used 22015K [0x00000000f0000000, 0x0000000100000000, 0x0000000100000000)
  eden space 218112K, 0% used [0x00000000f0000000,0x00000000f0000000,0x00000000fd500000)
  from space 22016K, 99% used [0x00000000fd500000,0x00000000fea7fe50,0x00000000fea80000)
  to   space 22016K, 0% used [0x00000000fea80000,0x00000000fea80000,0x0000000100000000)
 ParOldGen       total 107520K, used 95416K [0x00000000d0000000, 0x00000000d6900000, 0x00000000f0000000)
  object space 107520K, 88% used [0x00000000d0000000,0x00000000d5d2e2f0,0x00000000d6900000)
 Metaspace       used 64019K, capacity 65806K, committed 66176K, reserved 1107968K
  class space    used 7045K, capacity 7509K, committed 7552K, reserved 1048576K
}

Deoptimization events (10 events):
Event: 26.853 Thread 0x000000000ec32000 Uncommon trap: reason=unreached action=reinterpret pc=0x000000001017f4e4 method=org.codehaus.groovy.runtime.metaclass.MetaMethodIndex.isNonRealMethod(Lgroovy/lang/MetaMethod;)Z @ 32
Event: 26.984 Thread 0x000000000ec32000 Uncommon trap: reason=class_check action=maybe_recompile pc=0x0000000010317d84 method=groovy.lang.MetaClassImpl.isGenericGetMethod(Lgroovy/lang/MetaMethod;)Z @ 14
Event: 26.984 Thread 0x000000000ec32000 Uncommon trap: reason=bimorphic action=maybe_recompile pc=0x0000000010317de4 method=org.codehaus.groovy.runtime.MetaClassHelper.isGenericSetMethod(Lgroovy/lang/MetaMethod;)Z @ 14
Event: 27.026 Thread 0x000000000ec32000 Uncommon trap: reason=class_check action=maybe_recompile pc=0x000000001016f860 method=org.codehaus.groovy.runtime.metaclass.MetaMethodIndex.addMethodToList(Ljava/lang/Object;Lgroovy/lang/MetaMethod;)Ljava/lang/Object; @ 68
Event: 27.026 Thread 0x000000000ec32000 Uncommon trap: reason=class_check action=maybe_recompile pc=0x000000001016f860 method=org.codehaus.groovy.runtime.metaclass.MetaMethodIndex.addMethodToList(Ljava/lang/Object;Lgroovy/lang/MetaMethod;)Ljava/lang/Object; @ 68
Event: 27.026 Thread 0x000000000ec32000 Uncommon trap: reason=class_check action=maybe_recompile pc=0x000000001016f860 method=org.codehaus.groovy.runtime.metaclass.MetaMethodIndex.addMethodToList(Ljava/lang/Object;Lgroovy/lang/MetaMethod;)Ljava/lang/Object; @ 68
Event: 27.161 Thread 0x000000000ec32000 Uncommon trap: reason=class_check action=maybe_recompile pc=0x0000000010317d84 method=groovy.lang.MetaClassImpl.isGenericGetMethod(Lgroovy/lang/MetaMethod;)Z @ 14
Event: 27.161 Thread 0x000000000ec32000 Uncommon trap: reason=bimorphic action=maybe_recompile pc=0x000000001031a7c8 method=org.codehaus.groovy.runtime.MetaClassHelper.isGenericSetMethod(Lgroovy/lang/MetaMethod;)Z @ 14
Event: 27.161 Thread 0x000000000ec32000 Uncommon trap: reason=class_check action=maybe_recompile pc=0x000000001030b7ec method=groovy.lang.MetaClassImpl.isGenericGetMethod(Lgroovy/lang/MetaMethod;)Z @ 14
Event: 27.185 Thread 0x000000000ec32000 Uncommon trap: reason=class_check action=maybe_recompile pc=0x000000001016f860 method=org.codehaus.groovy.runtime.metaclass.MetaMethodIndex.addMethodToList(Ljava/lang/Object;Lgroovy/lang/MetaMethod;)Ljava/lang/Object; @ 68

Internal exceptions (10 events):
Event: 27.348 Thread 0x000000000ec32000 Exception <a 'java/security/PrivilegedActionException'> (0x00000000f3a2fba0) thrown at [C:\re\workspace\8-2-build-windows-amd64-cygwin\jdk8u11\648\hotspot\src\share\vm\prims\jvm.cpp, line 1248]
Event: 27.348 Thread 0x000000000ec32000 Exception <a 'java/lang/ClassNotFoundException': org/grails/datastore/gorm/GormStaticApiCustomizer> (0x00000000f3a30f68) thrown at [C:\re\workspace\8-2-build-windows-amd64-cygwin\jdk8u11\648\hotspot\src\share\vm\classfile\systemDictionary.cpp, line 202]
Event: 27.350 Thread 0x000000000ec32000 Exception <a 'java/security/PrivilegedActionException'> (0x00000000f3a9af88) thrown at [C:\re\workspace\8-2-build-windows-amd64-cygwin\jdk8u11\648\hotspot\src\share\vm\prims\jvm.cpp, line 1248]
Event: 27.350 Thread 0x000000000ec32000 Exception <a 'java/security/PrivilegedActionException'> (0x00000000f3a9fcd8) thrown at [C:\re\workspace\8-2-build-windows-amd64-cygwin\jdk8u11\648\hotspot\src\share\vm\prims\jvm.cpp, line 1248]
Event: 27.350 Thread 0x000000000ec32000 Exception <a 'java/security/PrivilegedActionException'> (0x00000000f3ab1b50) thrown at [C:\re\workspace\8-2-build-windows-amd64-cygwin\jdk8u11\648\hotspot\src\share\vm\prims\jvm.cpp, line 1248]
Event: 27.351 Thread 0x000000000ec32000 Exception <a 'java/security/PrivilegedActionException'> (0x00000000f3ac8008) thrown at [C:\re\workspace\8-2-build-windows-amd64-cygwin\jdk8u11\648\hotspot\src\share\vm\prims\jvm.cpp, line 1248]
Event: 27.351 Thread 0x000000000ec32000 Exception <a 'java/security/PrivilegedActionException'> (0x00000000f3accd58) thrown at [C:\re\workspace\8-2-build-windows-amd64-cygwin\jdk8u11\648\hotspot\src\share\vm\prims\jvm.cpp, line 1248]
Event: 27.351 Thread 0x000000000ec32000 Exception <a 'java/security/PrivilegedActionException'> (0x00000000f3adebd0) thrown at [C:\re\workspace\8-2-build-windows-amd64-cygwin\jdk8u11\648\hotspot\src\share\vm\prims\jvm.cpp, line 1248]
Event: 27.352 Thread 0x000000000ec32000 Exception <a 'java/security/PrivilegedActionException'> (0x00000000f3b05d98) thrown at [C:\re\workspace\8-2-build-windows-amd64-cygwin\jdk8u11\648\hotspot\src\share\vm\prims\jvm.cpp, line 1248]
Event: 27.352 Thread 0x000000000ec32000 Exception <a 'java/lang/ClassNotFoundException': org/codehaus/groovy/grails/orm/hibernate/HibernateGormStaticApiCustomizer> (0x00000000f3b07000) thrown at [C:\re\workspace\8-2-build-windows-amd64-cygwin\jdk8u11\648\hotspot\src\share\vm\classfile\systemDict„ØÎ Y;@

Events (10 events):
Event: 27.347 loading class org/grails/datastore/gorm/GormStaticApiCustomizer
Event: 27.347 loading class org/grails/datastore/gorm/GormStaticApiCustomizer done
Event: 27.348 loading class org/grails/datastore/gorm/GormStaticApiCustomizer
Event: 27.348 loading class org/grails/datastore/gorm/GormStaticApiCustomizer done
Event: 27.350 loading class org/codehaus/groovy/grails/orm/hibernate/HibernateGormStaticApiCustomizer
Event: 27.350 loading class org/codehaus/groovy/grails/orm/hibernate/HibernateGormStaticApiCustomizer done
Event: 27.351 loading class org/codehaus/groovy/grails/orm/hibernate/HibernateGormStaticApiCustomizer
Event: 27.351 loading class org/codehaus/groovy/grails/orm/hibernate/HibernateGormStaticApiCustomizer done
Event: 27.352 loading class org/codehaus/groovy/grails/orm/hibernate/HibernateGormStaticApiCustomizer
Event: 27.352 loading class org/codehaus/groovy/grails/orm/hibernate/HibernateGormStaticApiCustomizer done


Dynamic libraries:
0x000000013f420000 - 0x000000013f454000 	C:\Program Files\Java\jdk1.8.0_11\bin\java.exe
0x0000000076f50000 - 0x00000000770f9000 	C:\Windows\SYSTEM32\ntdll.dll
0x0000000076e30000 - 0x0000000076f4f000 	C:\Windows\system32\kernel32.dll
0x000007fefc0b0000 - 0x000007fefc11c000 	C:\Windows\system32\KERNELBASE.dll
0x000007fefdb80000 - 0x000007fefdc5b000 	C:\Windows\system32\ADVAPI32.dll
0x000007fefddf0000 - 0x000007fefde8f000 	C:\Windows\system32\msvcrt.dll
0x000007fefe020000 - 0x000007fefe03f000 	C:\Windows\SYSTEM32\sechost.dll
0x000007fefdc60000 - 0x000007fefdd8d000 	C:\Windows\system32\RPCRT4.dll
0x0000000076d30000 - 0x0000000076e2a000 	C:\Windows\system32\USER32.dll
0x000007fefc7c0000 - 0x000007fefc827000 	C:\Windows\system32\GDI32.dll
0x000007fefe420000 - 0x000007fefe42e000 	C:\Windows\system32\LPK.dll
0x000007fefe040000 - 0x000007fefe109000 	C:\Windows\system32\USP10.dll
0x000007fefaee0000 - 0x000007fefb0d4000 	C:\Windows\WinSxS\amd64_microsoft.windows.common-controls_6595b64144ccf1df_6.0.7601.17514_none_fa396087175ac9ac\COMCTL32.dll
0x000007fefc830000 - 0x000007fefc8a1000 	C:\Windows\system32\SHLWAPI.dll
0x000007fefc320000 - 0x000007fefc34e000 	C:\Windows\system32\IMM32.DLL
0x000007fefe110000 - 0x000007fefe219000 	C:\Windows\system32\MSCTF.dll
0x000007fefbdf0000 - 0x000007fefbe36000 	C:\Windows\system32\nvinitx.dll
0x000000000f000000 - 0x000000000f006000 	C:\Program Files\NVIDIA Corporation\CoProcManager\_etoured.dll
0x000007fef9490000 - 0x000007fef94e5000 	C:\Program Files\NVIDIA Corporation\CoProcManager\nvd3d9wrapx.dll
0x000007fefcbf0000 - 0x000007fefcdc7000 	C:\Windows\system32\SETUPAPI.dll
0x000007fefc160000 - 0x000007fefc196000 	C:\Windows\system32\CFGMGR32.dll
0x000007fefc240000 - 0x000007fefc317000 	C:\Windows\system32\OLEAUT32.dll
0x000007fefc8b0000 - 0x000007fefcab3000 	C:\Windows\system32\ole32.dll
0x000007fefc090000 - 0x000007fefc0aa000 	C:\Windows\system32\DEVOBJ.dll
0x000007fef93b0000 - 0x000007fef93ed000 	C:\Program Files\NVIDIA Corporation\CoProcManager\nvdxgiwrapx.dll
0x0000000060fd0000 - 0x00000000610a2000 	C:\Program Files\Java\jdk1.8.0_11\jre\bin\msvcr100.dll
0x0000000056b80000 - 0x00000000573aa000 	C:\Program Files\Java\jdk1.8.0_11\jre\bin\server\jvm.dll
0x000007fef7150000 - 0x000007fef7159000 	C:\Windows\system32\WSOCK32.dll
0x000007fefc5b0000 - 0x000007fefc5fd000 	C:\Windows\system32\WS2_32.dll
0x000007fefe410000 - 0x000007fefe418000 	C:\Windows\system32\NSI.dll
0x000007fef9880000 - 0x000007fef98bb000 	C:\Windows\system32\WINMM.dll
0x0000000077120000 - 0x0000000077127000 	C:\Windows\system32\PSAPI.DLL
0x0000000063c20000 - 0x0000000063c2f000 	C:\Program Files\Java\jdk1.8.0_11\jre\bin\verify.dll
0x0000000061330000 - 0x0000000061358000 	C:\Program Files\Java\jdk1.8.0_11\jre\bin\java.dll
0x0000000063280000 - 0x00000000632a3000 	C:\Program Files\Java\jdk1.8.0_11\jre\bin\instrument.dll
0x0000000061310000 - 0x0000000061326000 	C:\Program Files\Java\jdk1.8.0_11\jre\bin\zip.dll
0x000007fefcdf0000 - 0x000007fefdb78000 	C:\Windows\system32\SHELL32.dll
0x000007fefbe40000 - 0x000007fefbe4f000 	C:\Windows\system32\profapi.dll
0x000007fefb680000 - 0x000007fefb697000 	C:\Windows\system32\CRYPTSP.dll
0x000007fefb380000 - 0x000007fefb3c7000 	C:\Windows\system32\rsaenh.dll
0x000007fefadc0000 - 0x000007fefadde000 	C:\Windows\system32\USERENV.dll
0x000007fefbce0000 - 0x000007fefbcef000 	C:\Windows\system32\CRYPTBASE.dll
0x0000000062fb0000 - 0x0000000062fca000 	C:\Program Files\Java\jdk1.8.0_11\jre\bin\net.dll
0x000007fefb620000 - 0x000007fefb675000 	C:\Windows\system32\mswsock.dll
0x000007fefb610000 - 0x000007fefb617000 	C:\Windows\System32\wship6.dll
0x000007fef9410000 - 0x000007fef9437000 	C:\Windows\system32\IPHLPAPI.DLL
0x000007fef9400000 - 0x000007fef940b000 	C:\Windows\system32\WINNSI.DLL
0x000007fef9260000 - 0x000007fef9278000 	C:\Windows\system32\dhcpcsvc.DLL
0x000007fef9240000 - 0x000007fef9251000 	C:\Windows\system32\dhcpcsvc6.DLL
0x00000000612f0000 - 0x0000000061301000 	C:\Program Files\Java\jdk1.8.0_11\jre\bin\nio.dll
0x000007fef8070000 - 0x000007fef807a000 	C:\Users\Gabriel\AppData\Local\Temp\jansi-64-6053717868074890248.dll
0x00000000612e0000 - 0x00000000612ed000 	C:\Program Files\Java\jdk1.8.0_11\jre\bin\management.dll
0x000007fef9ac0000 - 0x000007fef9ad5000 	C:\Windows\system32\NLAapi.dll
0x000007fef0a60000 - 0x000007fef0a75000 	C:\Windows\system32\napinsp.dll
0x000007fef0a40000 - 0x000007fef0a59000 	C:\Windows\system32\pnrpnsp.dll
0x000007fefb4a0000 - 0x000007fefb4fb000 	C:\Windows\system32\DNSAPI.dll
0x000007fef0a10000 - 0x000007fef0a1b000 	C:\Windows\System32\winrnr.dll
0x000007fef0a00000 - 0x000007fef0a10000 	C:\Windows\system32\wshbth.dll
0x000007fef6380000 - 0x000007fef63af000 	C:\Program Files\Common Files\Microsoft Shared\Windows Live\WLIDNSP.DLL
0x000007fefaca0000 - 0x000007fefaca7000 	C:\Windows\System32\wshtcpip.dll
0x000007fef6370000 - 0x000007fef6378000 	C:\Windows\system32\rasadhlp.dll
0x000007fef8a80000 - 0x000007fef8ad3000 	C:\Windows\System32\fwpuclnt.dll
0x000007fee5410000 - 0x000007fee5535000 	C:\Windows\system32\dbghelp.dll

VM Arguments:
jvm_args: -Dfile.encoding=UTF-8 -Xmx768M -Xms64M -Dgrails.fork.parent.process.port=61434 -Dgrails.fork.active=true -Dgrails.build.execution.context=C:\Users\Gabriel\AppData\Local\Temp\V-Market2569542012632501452grails-execution-context -Dgrails.home=C:\grails\grails-2.4.4 -javaagent:C:\grails\grails-2.4.4\lib\org.springframework\springloaded\jars\springloaded-1.2.1.RELEASE.jar -Xverify:none -Dspringloaded.synchronize=true -Djdk.reflect.allowGetCallerClass=true -Dspringloaded=profile=grails;cacheDir=C:\Users\Gabriel\.grails\2.4.4 
java_command: org.grails.plugins.tomcat.fork.ForkedTomcatServer
java_class_path (initial): C:\Program Files\Java\jdk1.8.0_11\lib\tools.jar;C:\grails\grails-2.4.4\lib\org.codehaus.groovy\groovy-all\jars\groovy-all-2.3.7.jar;C:\grails\grails-2.4.4\lib\org.slf4j\jcl-over-slf4j\jars\jcl-over-slf4j-1.7.5.jar;C:\grails\grails-2.4.4\lib\org.codehaus.gant\gant_groovy1.8\jars\gant_groovy1.8-1.9.6.jar;C:\grails\grails-2.4.4\lib\org.apache.tomcat.embed\tomcat-embed-logging-log4j\jars\tomcat-embed-logging-log4j-7.0.50.jar;C:\grails\grails-2.4.4\dist\grails-plugin-log4j-2.4.4.jar;C:\grails\grails-2.4.4\lib\log4j\log4j\jars\log4j-1.2.17.jar;C:\grails\grails-2.4.4\dist\grails-bootstrap-2.4.4.jar;C:\grails\grails-2.4.4\lib\org.slf4j\slf4j-api\jars\slf4j-api-1.7.5.jar;C:\grails\grails-2.4.4\lib\jline\jline\jars\jline-2.12.jar;C:\grails\grails-2.4.4\lib\org.apache.ant\ant\jars\ant-1.8.4.jar;C:\grails\grails-2.4.4\lib\org.apache.ant\ant-launcher\jars\ant-launcher-1.8.4.jar;C:\grails\grails-2.4.4\lib\org.apache.ant\ant-trax\jars\ant-trax-1.7.1.jar;C:\grails\grails-2.4.4\lib\org.apache.ant\ant-junit\jars\ant-junit-1.8.4.jar;C:\grails\grails-2.4.4\lib\org.apache.ivy\ivy\jars\ivy-2.3.0.jar;C:\grails\grails-2.4.4\lib\org.fusesource.jansi\jansi\jars\jansi-1.11.jar;C:\Users\Gabriel\.m2\repository\org\apache\tomcat\tomcat-catalina-ant\7.0.55\tomcat-catalina-ant-7.0.55.jar;C:\Users\Gabriel\.m2\repository\org\apache\tomcat\embed\tomcat-embed-jasper\7.0.55\tomcat-embed-jasper-7.0.55.jar;C:\Users\Gabriel\.m2\repository\org\apache\tomcat\embed\tomcat-embed-el\7.0.55\tomcat-embed-el-7.0.55.jar;C:\Users\Gabriel\.m2\repository\org\apache\tomcat\embed\tomcat-embed-logging-log4j\7.0.55\tomcat-embed-logging-log4j-7.0.55.jar;C:\Users\Gabriel\.m2\repository\org\apache\tomcat\embed\tomcat-embed-websocket\7.0.55\tomcat-embed-websocket-7.0.55.jar;C:\Users\Gabriel\.m2\repository\org\apache\tomcat\embed\tomcat-embed-core\7.0.55\tomcat-embed-core-7.0.55.jar;C:\Users\Gabriel\.m2\repository\org\eclipse\jdt\core\compiler\ecj\3.7.2\ecj-3.7.2.jar;C:\Users\Gabriel\IdeaProjects\
Launcher Type: SUN_STANDARD

Environment Variables:
JAVA_HOME=C:\Program Files\Java\jdk1.8.0_11
PATH=C:\Program Files\Common Files\Microsoft Shared\Windows Live;C:\Program Files (x86)\Common Files\Microsoft Shared\Windows Live;C:\Program Files\NVIDIA GPU Computing Toolkit\CUDA\v5.5\bin;C:\Program Files\NVIDIA GPU Computing Toolkit\CUDA\v5.5\libnvvp;C:\Program Files (x86)\NVIDIA Corporation\PhysX\Common;C:\Windows\system32;C:\Windows;C:\Windows\System32\Wbem;C:\Windows\System32\WindowsPowerShell\v1.0\;C:\Program Files\Intel\WiFi\bin\;C:\Program Files\Common Files\Intel\WirelessCommon\;C:\Program Files (x86)\Intel\OpenCL SDK\1.5\bin\x86;C:\Program Files (x86)\Intel\OpenCL SDK\1.5\bin\x64;C:\Program Files\Lenovo\Bluetooth Software\;C:\Program Files\Lenovo\Bluetooth Software\syswow64;C:\Program Files (x86)\MySQL\MySQL Fabric 1.5.3 & MySQL Utilities 1.5.3 1.5\;C:\Program Files (x86)\MySQL\MySQL Fabric 1.5.3 & MySQL Utilities 1.5.3 1.5\Doctrine extensions for PHP\;C:\Program Files\MATLAB\R2013b\runtime\win64;C:\Program Files\MATLAB\R2013b\bin;C:\Program Files\MATLAB\R2013b\polyspace\bin;C:\PROGRA~1\Java\jdk1.8.0_11;C:\grails\grails-2.5.0\bin;C:\Program Files (x86)\Windows Live\Shared;C:\PROGRA~2\Groovy\GROOVY~1.0\bin;C:\Program Files\nodejs\;C:\Program Files (x86)\Git\cmd;C:\Program Files (x86)\Skype\Phone\;C:\Program Files\Intel\WiFi\bin\;C:\Program Files\Common Files\Intel\WirelessCommon\;C:\Program Files\Python34;C:\grails\grails-2.5.0;C:\Users\Gabriel\AppData\Roaming\npm;C:\Program Files\apache-ant-1.9.4\bin;C:\PROGRA~2\Android\sdk\tools;C:\PROGRA~2\Android\sdk\platform-tools;.;;.;
USERNAME=Gabriel
OS=Windows_NT
PROCESSOR_IDENTIFIER=Intel64 Family 6 Model 58 Stepping 9, GenuineIntel



---------------  S Y S T E M  ---------------

OS: Windows 7 , 64 bit Build 7601 Service Pack 1

CPU:total 8 (4 cores per cpu, 2 threads per core) family 6 model 58 stepping 9, cmov, cx8, fxsr, mmx, sse, sse2, sse3, ssse3, sse4.1, sse4.2, popcnt, avx, aes, clmul, erms, ht, tsc, tscinvbit

Memory: 4k page, physical 8285468k(2039304k free), swap 16569080k(9315252k free)

vm_info: Java HotSpot(TM) 64-Bit Server VM (25.11-b03) for windows-amd64 JRE (1.8.0_11-b12), built on Jun 16 2014 20:57:32 by "java_re" with MS VC++ 10.0 (VS2010)

time: Sat Jun 13 23:42:13 2015
elapsed time: 28 seconds

