#
# A fatal error has been detected by the Java Runtime Environment:
#
#  EXCEPTION_ACCESS_VIOLATION (0xc0000005) at pc=0x000000005d0e4db2, pid=1056, tid=1848
#
# JRE version: Java(TM) SE Runtime Environment (8.0_11-b12) (build 1.8.0_11-b12)
# Java VM: Java HotSpot(TM) 64-Bit Server VM (25.11-b03 mixed mode windows-amd64 compressed oops)
# Problematic frame:
# V  [jvm.dll+0x424db2]
#
# Failed to write core dump. Minidumps are not enabled by default on client versions of Windows
#
# If you would like to submit a bug report, please visit:
#   http://bugreport.sun.com/bugreport/crash.jsp
#

---------------  T H R E A D  ---------------

Current thread (0x0000000055c48000):  JavaThread "C2 CompilerThread0" daemon [_thread_in_native, id=1848, stack(0x0000000056230000,0x0000000056330000)]

siginfo: ExceptionCode=0xc0000005, reading address 0x0000000000000000

Registers:
RAX=0x000000005e1f9f08, RBX=0x0000000000000600, RCX=0x0000000000000000, RDX=0x000000005d58f700
RSP=0x000000005632c5d0, RBP=0x00000000000000c0, RSI=0x00000000000000b8, RDI=0x0000000000000000
R8 =0x000000005ccc0000, R9 =0x000000005632c8f0, R10=0x00000000ffffffff, R11=0x0000000055c3f8b0
R12=0x000000005e1fa610, R13=0x0000000056eac9c8, R14=0x0000000000000008, R15=0x0000000056eac9c8
RIP=0x000000005d0e4db2, EFLAGS=0x0000000000010206

Top of Stack: (sp=0x000000005632c5d0)
0x000000005632c5d0:   00000000000000da 000000005d58b240
0x000000005632c5e0:   000000005e1f6460 000000005d58b240
0x000000005632c5f0:   0000000000000001 0000000000000600
0x000000005632c600:   0000000000000180 00000000000000c0
0x000000005632c610:   000000005e28e490 0000000055c4ea30
0x000000005632c620:   00000000000006a0 000000005d58b240
0x000000005632c630:   000000005632c8f0 000000005e1f70a0
0x000000005632c640:   0000000000000020 0000000000000009
0x000000005632c650:   000000005e1fa5e0 00000000000000da
0x000000005632c660:   0000000056eac9c8 000000005d0e598d
0x000000005632c670:   000000005e1fa5e0 000000000000001c
0x000000005632c680:   00000000000000da 000000005632c8f0
0x000000005632c690:   000000005d58f700 00000000000000da
0x000000005632c6a0:   000000005e1f70a0 0000000000000020
0x000000005632c6b0:   0000000055d6abb0 000000005632ec60
0x000000005632c6c0:   0000000055d6b1e0 000000005e1fa5e0 

Instructions: (pc=0x000000005d0e4db2)
0x000000005d0e4d92:   c6 48 63 f0 48 03 f1 eb 04 48 83 ce ff 48 8b 84
0x000000005d0e4da2:   24 a0 00 00 00 48 8b 40 08 48 8b 3c 03 48 8b cf
0x000000005d0e4db2:   48 8b 07 ff 50 28 4c 8d 05 41 b2 bd ff 48 63 50
0x000000005d0e4dc2:   10 4c 8b d8 48 8b ca 48 c1 e1 05 42 80 bc 01 c0 


Register to memory mapping:

RAX=0x000000005e1f9f08 is an unknown value
RBX=0x0000000000000600 is an unknown value
RCX=0x0000000000000000 is an unknown value
RDX=0x000000005d58f700 is an unknown value
RSP=0x000000005632c5d0 is pointing into the stack for thread: 0x0000000055c48000
RBP=0x00000000000000c0 is an unknown value
RSI=0x00000000000000b8 is an unknown value
RDI=0x0000000000000000 is an unknown value
R8 =0x000000005ccc0000 is an unknown value
R9 =0x000000005632c8f0 is pointing into the stack for thread: 0x0000000055c48000
R10=0x00000000ffffffff is an unknown value
R11=0x0000000055c3f8b0 is an unknown value
R12=0x000000005e1fa610 is an unknown value
R13=0x0000000056eac9c8 is an unknown value
R14=0x0000000000000008 is an unknown value
R15=0x0000000056eac9c8 is an unknown value


Stack: [0x0000000056230000,0x0000000056330000],  sp=0x000000005632c5d0,  free space=1009k
Native frames: (J=compiled Java code, j=interpreted, Vv=VM code, C=native code)
V  [jvm.dll+0x424db2]
V  [jvm.dll+0x42598d]
V  [jvm.dll+0x425ecf]
V  [jvm.dll+0x4c5a84]
V  [jvm.dll+0x4415bc]
V  [jvm.dll+0x443a29]
V  [jvm.dll+0x427722]
V  [jvm.dll+0x96982]
V  [jvm.dll+0x97173]
V  [jvm.dll+0x2234b4]
V  [jvm.dll+0x27bcca]
C  [msvcr100.dll+0x21d9f]
C  [msvcr100.dll+0x21e3b]
C  [kernel32.dll+0x159cd]
C  [ntdll.dll+0x2b981]


Current CompileTask:
C2:  52423 6167       4       groovy.lang.MetaClassImpl::findPropertyMethod (356 bytes)


---------------  P R O C E S S  ---------------

Java Threads: ( => current thread )
  0x000000005961d800 JavaThread "v.market.SecRole.data" daemon [_thread_blocked, id=1780, stack(0x000000005fa60000,0x000000005fb60000)]
  0x000000005961d000 JavaThread "net.sf.ehcache.CacheManager@5f3b370b" daemon [_thread_blocked, id=2140, stack(0x000000005e6d0000,0x000000005e7d0000)]
  0x000000005b487800 JavaThread "PoolCleaner[790021811:1434299706574]" daemon [_thread_blocked, id=5884, stack(0x000000005efa0000,0x000000005f0a0000)]
  0x000000005929c800 JavaThread "FileSystemWatcher: files=#210 cl=groovy.lang.GroovyClassLoader@2f16c6b3" daemon [_thread_blocked, id=3248, stack(0x000000005a890000,0x000000005a990000)]
  0x0000000059226800 JavaThread "localhost-startStop-1" daemon [_thread_in_native, id=7008, stack(0x000000005a6d0000,0x000000005a7d0000)]
  0x0000000059225000 JavaThread "Tomcat-startStop-1" daemon [_thread_blocked, id=5916, stack(0x00000000587f0000,0x00000000588f0000)]
  0x0000000058c71800 JavaThread "Thread-3" [_thread_in_native, id=5148, stack(0x000000005a300000,0x000000005a400000)]
  0x0000000057aa4800 JavaThread "Thread-2" [_thread_blocked, id=5420, stack(0x0000000059dc0000,0x0000000059ec0000)]
  0x00000000569b5800 JavaThread "NonBlockingInputStreamThread" daemon [_thread_blocked, id=6600, stack(0x0000000057460000,0x0000000057560000)]
  0x0000000055d70000 JavaThread "Service Thread" daemon [_thread_blocked, id=5764, stack(0x0000000056380000,0x0000000056480000)]
  0x0000000055c4c800 JavaThread "C1 CompilerThread2" daemon [_thread_blocked, id=2032, stack(0x0000000056480000,0x0000000056580000)]
  0x0000000055c4a800 JavaThread "C2 CompilerThread1" daemon [_thread_in_native, id=5792, stack(0x0000000055920000,0x0000000055a20000)]
=>0x0000000055c48000 JavaThread "C2 CompilerThread0" daemon [_thread_in_native, id=1848, stack(0x0000000056230000,0x0000000056330000)]
  0x0000000054754800 JavaThread "Attach Listener" daemon [_thread_blocked, id=3008, stack(0x00000000560f0000,0x00000000561f0000)]
  0x0000000054753000 JavaThread "Signal Dispatcher" daemon [_thread_blocked, id=5112, stack(0x0000000055fe0000,0x00000000560e0000)]
  0x00000000546f5800 JavaThread "Finalizer" daemon [_thread_blocked, id=6532, stack(0x0000000055a50000,0x0000000055b50000)]
  0x00000000546ec800 JavaThread "Reference Handler" daemon [_thread_blocked, id=6188, stack(0x0000000055800000,0x0000000055900000)]
  0x0000000002168800 JavaThread "main" [_thread_blocked, id=1796, stack(0x0000000002280000,0x0000000002380000)]

Other Threads:
  0x00000000546e9000 VMThread [stack: 0x0000000055700000,0x0000000055800000] [id=3236]
  0x0000000055d76800 WatcherThread [stack: 0x00000000565c0000,0x00000000566c0000] [id=5808]

VM state:not at safepoint (normal execution)

VM Mutex/Monitor currently owned by a thread: None

Heap:
 PSYoungGen      total 218112K, used 60285K [0x00000000f0000000, 0x0000000100000000, 0x0000000100000000)
  eden space 190464K, 17% used [0x00000000f0000000,0x00000000f2049108,0x00000000fba00000)
  from space 27648K, 98% used [0x00000000fba00000,0x00000000fd4965d8,0x00000000fd500000)
  to   space 38400K, 0% used [0x00000000fda80000,0x00000000fda80000,0x0000000100000000)
 ParOldGen       total 111616K, used 95100K [0x00000000d0000000, 0x00000000d6d00000, 0x00000000f0000000)
  object space 111616K, 85% used [0x00000000d0000000,0x00000000d5cdf358,0x00000000d6d00000)
 Metaspace       used 67064K, capacity 68986K, committed 69248K, reserved 1110016K
  class space    used 7492K, capacity 8051K, committed 8064K, reserved 1048576K

Card table byte_map: [0x0000000011ba0000,0x0000000011d30000] byte_map_base: 0x0000000011520000

Marking Bits: (ParMarkBitMap*) 0x000000005d4712b0
 Begin Bits: [0x00000000123e0000, 0x0000000012fe0000)
 End Bits:   [0x0000000012fe0000, 0x0000000013be0000)

Polling page: 0x0000000000330000

CodeCache: size=245760Kb used=17998Kb max_used=18033Kb free=227761Kb
 bounds [0x00000000027e0000, 0x00000000039a0000, 0x00000000117e0000]
 total_blobs=6312 nmethods=5552 adapters=671
 compilation: enabled

Compilation events (10 events):
Event: 52.248 Thread 0x0000000055c4c800 6317       2       org.codehaus.groovy.runtime.typehandling.NumberMathModificationInfo::checkIfStdMethod (76 bytes)
Event: 52.249 Thread 0x0000000055c4c800 nmethod 6317 0x000000000394cd90 code [0x000000000394cf60, 0x000000000394d2c8]
Event: 52.282 Thread 0x0000000055c4c800 6318       2       org.springsource.loaded.TypeRegistry::ivicheck (268 bytes)
Event: 52.286 Thread 0x0000000055c4c800 nmethod 6318 0x0000000003948a10 code [0x0000000003948d00, 0x00000000039499c8]
Event: 52.305 Thread 0x0000000055c48000 nmethod 5356 0x000000000397e990 code [0x000000000397f200, 0x000000000398b450]
Event: 52.308 Thread 0x0000000055c48000 6167       4       groovy.lang.MetaClassImpl::findPropertyMethod (356 bytes)
Event: 52.317 Thread 0x0000000055c4c800 6320       2       groovy.lang.MetaClassImpl$1MOPIter::methodNameAction (482 bytes)
Event: 52.322 Thread 0x0000000055c4c800 nmethod 6320 0x0000000003944050 code [0x0000000003944360, 0x0000000003945188]
Event: 52.358 Thread 0x0000000055c4c800 6322       2       org.codehaus.groovy.grails.commons.GrailsArrayUtils::subarray (124 bytes)
Event: 52.359 Thread 0x0000000055c4c800 nmethod 6322 0x0000000003948390 code [0x0000000003948520, 0x0000000003948808]

GC Heap History (10 events):
Event: 39.955 GC heap before
{Heap before GC invocations=56 (full 6):
 PSYoungGen      total 238592K, used 231835K [0x00000000f0000000, 0x0000000100000000, 0x0000000100000000)
  eden space 217088K, 97% used [0x00000000f0000000,0x00000000fcdb7a18,0x00000000fd400000)
  from space 21504K, 98% used [0x00000000fd400000,0x00000000fe8af400,0x00000000fe900000)
  to   space 23552K, 0% used [0x00000000fe900000,0x00000000fe900000,0x0000000100000000)
 ParOldGen       total 94720K, used 78561K [0x00000000d0000000, 0x00000000d5c80000, 0x00000000f0000000)
  object space 94720K, 82% used [0x00000000d0000000,0x00000000d4cb8790,0x00000000d5c80000)
 Metaspace       used 62996K, capacity 64728K, committed 65024K, reserved 1107968K
  class space    used 6873K, capacity 7357K, committed 7424K, reserved 1048576K
Event: 42.695 GC heap after
Heap after GC invocations=56 (full 6):
 PSYoungGen      total 221184K, used 23537K [0x00000000f0000000, 0x0000000100000000, 0x0000000100000000)
  eden space 197632K, 0% used [0x00000000f0000000,0x00000000f0000000,0x00000000fc100000)
  from space 23552K, 99% used [0x00000000fe900000,0x00000000ffffc5d0,0x0000000100000000)
  to   space 32256K, 0% used [0x00000000fc100000,0x00000000fc100000,0x00000000fe080000)
 ParOldGen       total 94720K, used 86353K [0x00000000d0000000, 0x00000000d5c80000, 0x00000000f0000000)
  object space 94720K, 91% used [0x00000000d0000000,0x00000000d5454458,0x00000000d5c80000)
 Metaspace       used 62996K, capacity 64728K, committed 65024K, reserved 1107968K
  class space    used 6873K, capacity 7357K, committed 7424K, reserved 1048576K
}
Event: 42.696 GC heap before
{Heap before GC invocations=57 (full 7):
 PSYoungGen      total 221184K, used 23537K [0x00000000f0000000, 0x0000000100000000, 0x0000000100000000)
  eden space 197632K, 0% used [0x00000000f0000000,0x00000000f0000000,0x00000000fc100000)
  from space 23552K, 99% used [0x00000000fe900000,0x00000000ffffc5d0,0x0000000100000000)
  to   space 32256K, 0% used [0x00000000fc100000,0x00000000fc100000,0x00000000fe080000)
 ParOldGen       total 94720K, used 86353K [0x00000000d0000000, 0x00000000d5c80000, 0x00000000f0000000)
  object space 94720K, 91% used [0x00000000d0000000,0x00000000d5454458,0x00000000d5c80000)
 Metaspace       used 62996K, capacity 64728K, committed 65024K, reserved 1107968K
  class space    used 6873K, capacity 7357K, committed 7424K, reserved 1048576K
Event: 45.045 GC heap after
Heap after GC invocations=57 (full 7):
 PSYoungGen      total 221184K, used 13751K [0x00000000f0000000, 0x0000000100000000, 0x0000000100000000)
  eden space 197632K, 0% used [0x00000000f0000000,0x00000000f0000000,0x00000000fc100000)
  from space 23552K, 58% used [0x00000000fe900000,0x00000000ff66dd48,0x0000000100000000)
  to   space 32256K, 0% used [0x00000000fc100000,0x00000000fc100000,0x00000000fe080000)
 ParOldGen       total 111616K, used 94606K [0x00000000d0000000, 0x00000000d6d00000, 0x00000000f0000000)
  object space 111616K, 84% used [0x00000000d0000000,0x00000000d5c63b48,0x00000000d6d00000)
 Metaspace       used 62992K, capacity 64722K, committed 65024K, reserved 1107968K
  class space    used 6872K, capacity 7356K, committed 7424K, reserved 1048576K
}
Event: 49.111 GC heap before
{Heap before GC invocations=58 (full 7):
 PSYoungGen      total 221184K, used 211383K [0x00000000f0000000, 0x0000000100000000, 0x0000000100000000)
  eden space 197632K, 100% used [0x00000000f0000000,0x00000000fc100000,0x00000000fc100000)
  from space 23552K, 58% used [0x00000000fe900000,0x00000000ff66dd48,0x0000000100000000)
  to   space 32256K, 0% used [0x00000000fc100000,0x00000000fc100000,0x00000000fe080000)
 ParOldGen       total 111616K, used 94606K [0x00000000d0000000, 0x00000000d6d00000, 0x00000000f0000000)
  object space 111616K, 84% used [0x00000000d0000000,0x00000000d5c63b48,0x00000000d6d00000)
 Metaspace       used 63741K, capacity 65534K, committed 65920K, reserved 1107968K
  class space    used 6995K, capacity 7468K, committed 7552K, reserved 1048576K
Event: 49.256 GC heap after
Heap after GC invocations=58 (full 7):
 PSYoungGen      total 218112K, used 20359K [0x00000000f0000000, 0x0000000100000000, 0x0000000100000000)
  eden space 197632K, 0% used [0x00000000f0000000,0x00000000f0000000,0x00000000fc100000)
  from space 20480K, 99% used [0x00000000fc100000,0x00000000fd4e1fa0,0x00000000fd500000)
  to   space 33280K, 0% used [0x00000000fdf80000,0x00000000fdf80000,0x0000000100000000)
 ParOldGen       total 111616K, used 94606K [0x00000000d0000000, 0x00000000d6d00000, 0x00000000f0000000)
  object space 111616K, 84% used [0x00000000d0000000,0x00000000d5c63b48,0x00000000d6d00000)
 Metaspace       used 63741K, capacity 65534K, committed 65920K, reserved 1107968K
  class space    used 6995K, capacity 7468K, committed 7552K, reserved 1048576K
}
Event: 50.783 GC heap before
{Heap before GC invocations=59 (full 7):
 PSYoungGen      total 218112K, used 215890K [0x00000000f0000000, 0x0000000100000000, 0x0000000100000000)
  eden space 197632K, 98% used [0x00000000f0000000,0x00000000fbef2b50,0x00000000fc100000)
  from space 20480K, 99% used [0x00000000fc100000,0x00000000fd4e1fa0,0x00000000fd500000)
  to   space 33280K, 0% used [0x00000000fdf80000,0x00000000fdf80000,0x0000000100000000)
 ParOldGen       total 111616K, used 94606K [0x00000000d0000000, 0x00000000d6d00000, 0x00000000f0000000)
  object space 111616K, 84% used [0x00000000d0000000,0x00000000d5c63b48,0x00000000d6d00000)
 Metaspace       used 65120K, capacity 66980K, committed 67200K, reserved 1107968K
  class space    used 7200K, capacity 7718K, committed 7808K, reserved 1048576K
Event: 50.864 GC heap after
Heap after GC invocations=59 (full 7):
 PSYoungGen      total 223744K, used 26110K [0x00000000f0000000, 0x0000000100000000, 0x0000000100000000)
  eden space 190464K, 0% used [0x00000000f0000000,0x00000000f0000000,0x00000000fba00000)
  from space 33280K, 78% used [0x00000000fdf80000,0x00000000ff8ffb28,0x0000000100000000)
  to   space 35840K, 0% used [0x00000000fba00000,0x00000000fba00000,0x00000000fdd00000)
 ParOldGen       total 111616K, used 94860K [0x00000000d0000000, 0x00000000d6d00000, 0x00000000f0000000)
  object space 111616K, 84% used [0x00000000d0000000,0x00000000d5ca3358,0x00000000d6d00000)
 Metaspace       used 65120K, capacity 66980K, committed 67200K, reserved 1107968K
  class space    used 7200K, capacity 7718K, committed 7808K, reserved 1048576K
}
Event: 51.883 GC heap before
{Heap before GC invocations=60 (full 7):
 PSYoungGen      total 223744K, used 216574K [0x00000000f0000000, 0x0000000100000000, 0x0000000100000000)
  eden space 190464K, 100% used [0x00000000f0000000,0x00000000fba00000,0x00000000fba00000)
  from space 33280K, 78% used [0x00000000fdf80000,0x00000000ff8ffb28,0x0000000100000000)
  to   space 35840K, 0% used [0x00000000fba00000,0x00000000fba00000,0x00000000fdd00000)
 ParOldGen       total 111616K, used 94860K [0x00000000d0000000, 0x00000000d6d00000, 0x00000000f0000000)
  object space 111616K, 84% used [0x00000000d0000000,0x00000000d5ca3358,0x00000000d6d00000)
 Metaspace       used 66728K, capacity 68698K, committed 68992K, reserved 1110016K
  class space    used 7443K, capacity 7992K, committed 8064K, reserved 1048576K
Event: 51.990 GC heap after
Heap after GC invocations=60 (full 7):
 PSYoungGen      total 218112K, used 27225K [0x00000000f0000000, 0x0000000100000000, 0x0000000100000000)
  eden space 190464K, 0% used [0x00000000f0000000,0x00000000f0000000,0x00000000fba00000)
  from space 27648K, 98% used [0x00000000fba00000,0x00000000fd4965d8,0x00000000fd500000)
  to   space 38400K, 0% used [0x00000000fda80000,0x00000000fda80000,0x0000000100000000)
 ParOldGen       total 111616K, used 95100K [0x00000000d0000000, 0x00000000d6d00000, 0x00000000f0000000)
  object space 111616K, 85% used [0x00000000d0000000,0x00000000d5cdf358,0x00000000d6d00000)
 Metaspace       used 66728K, capacity 68698K, committed 68992K, reserved 1110016K
  class space    used 7443K, capacity 7992K, committed 8064K, reserved 1048576K
}

Deoptimization events (10 events):
Event: 32.762 Thread 0x0000000059226800 Uncommon trap: reason=unreached action=reinterpret pc=0x00000000029f8870 method=java.lang.reflect.Method.equals(Ljava/lang/Object;)Z @ 1
Event: 33.401 Thread 0x0000000059226800 Uncommon trap: reason=bimorphic action=maybe_recompile pc=0x00000000035d4e4c method=groovy.lang.MetaMethod.getMopName()Ljava/lang/String; @ 8
Event: 36.561 Thread 0x0000000059226800 Uncommon trap: reason=bimorphic action=maybe_recompile pc=0x00000000036a1328 method=sl.org.objectweb.asm.ClassReader.a(Lsl/org/objectweb/asm/MethodVisitor;Lsl/org/objectweb/asm/Context;I)V @ 2782
Event: 36.775 Thread 0x0000000059226800 Uncommon trap: reason=class_check action=maybe_recompile pc=0x00000000036a3178 method=sl.org.objectweb.asm.ClassReader.a(Lsl/org/objectweb/asm/MethodVisitor;Lsl/org/objectweb/asm/Context;I)V @ 1945
Event: 36.775 Thread 0x0000000059226800 Uncommon trap: reason=class_check action=maybe_recompile pc=0x00000000036a3178 method=sl.org.objectweb.asm.ClassReader.a(Lsl/org/objectweb/asm/MethodVisitor;Lsl/org/objectweb/asm/Context;I)V @ 1945
Event: 36.775 Thread 0x0000000059226800 Uncommon trap: reason=class_check action=maybe_recompile pc=0x00000000036a3178 method=sl.org.objectweb.asm.ClassReader.a(Lsl/org/objectweb/asm/MethodVisitor;Lsl/org/objectweb/asm/Context;I)V @ 1945
Event: 37.727 Thread 0x0000000059226800 Uncommon trap: reason=unreached action=reinterpret pc=0x00000000035c7670 method=org.codehaus.groovy.runtime.metaclass.MetaMethodIndex.getMethods(Ljava/lang/Class;Ljava/lang/String;)Lorg/codehaus/groovy/runtime/metaclass/MetaMethodIndex$Entry; @ 61
Event: 52.315 Thread 0x0000000059226800 Uncommon trap: reason=bimorphic action=maybe_recompile pc=0x000000000397fc6c method=groovy.lang.MetaClassImpl$1MOPIter.methodNameAction(Ljava/lang/Class;Lorg/codehaus/groovy/runtime/metaclass/MetaMethodIndex$Entry;)V @ 62
Event: 52.316 Thread 0x0000000059226800 Uncommon trap: reason=bimorphic action=maybe_recompile pc=0x000000000397fc6c method=groovy.lang.MetaClassImpl$1MOPIter.methodNameAction(Ljava/lang/Class;Lorg/codehaus/groovy/runtime/metaclass/MetaMethodIndex$Entry;)V @ 62
Event: 52.316 Thread 0x0000000059226800 Uncommon trap: reason=bimorphic action=maybe_recompile pc=0x000000000397fc6c method=groovy.lang.MetaClassImpl$1MOPIter.methodNameAction(Ljava/lang/Class;Lorg/codehaus/groovy/runtime/metaclass/MetaMethodIndex$Entry;)V @ 62

Internal exceptions (10 events):
Event: 52.362 Thread 0x0000000059226800 Exception <a 'java/security/PrivilegedActionException'> (0x00000000f1ca7660) thrown at [C:\re\workspace\8-2-build-windows-amd64-cygwin\jdk8u11\648\hotspot\src\share\vm\prims\jvm.cpp, line 1248]
Event: 52.363 Thread 0x0000000059226800 Exception <a 'java/security/PrivilegedActionException'> (0x00000000f1cabb90) thrown at [C:\re\workspace\8-2-build-windows-amd64-cygwin\jdk8u11\648\hotspot\src\share\vm\prims\jvm.cpp, line 1248]
Event: 52.363 Thread 0x0000000059226800 Exception <a 'java/security/PrivilegedActionException'> (0x00000000f1cbac40) thrown at [C:\re\workspace\8-2-build-windows-amd64-cygwin\jdk8u11\648\hotspot\src\share\vm\prims\jvm.cpp, line 1248]
Event: 52.365 Thread 0x0000000059226800 Exception <a 'java/security/PrivilegedActionException'> (0x00000000f1cdb8f0) thrown at [C:\re\workspace\8-2-build-windows-amd64-cygwin\jdk8u11\648\hotspot\src\share\vm\prims\jvm.cpp, line 1248]
Event: 52.365 Thread 0x0000000059226800 Exception <a 'java/lang/ClassNotFoundException': v/market/UserFilters$_closure1_closure2_closure3BeanInfo> (0x00000000f1cdccc0) thrown at [C:\re\workspace\8-2-build-windows-amd64-cygwin\jdk8u11\648\hotspot\src\share\vm\classfile\systemDictionary.cpp, line †
­Šº.J@
Event: 52.365 Thread 0x0000000059226800 Exception <a 'java/security/PrivilegedActionException'> (0x00000000f1cde1a8) thrown at [C:\re\workspace\8-2-build-windows-amd64-cygwin\jdk8u11\648\hotspot\src\share\vm\prims\jvm.cpp, line 1248]
Event: 52.365 Thread 0x0000000059226800 Exception <a 'java/security/PrivilegedActionException'> (0x00000000f1ce23d8) thrown at [C:\re\workspace\8-2-build-windows-amd64-cygwin\jdk8u11\648\hotspot\src\share\vm\prims\jvm.cpp, line 1248]
Event: 52.366 Thread 0x0000000059226800 Exception <a 'java/security/PrivilegedActionException'> (0x00000000f1cf1510) thrown at [C:\re\workspace\8-2-build-windows-amd64-cygwin\jdk8u11\648\hotspot\src\share\vm\prims\jvm.cpp, line 1248]
Event: 52.367 Thread 0x0000000059226800 Exception <a 'java/security/PrivilegedActionException'> (0x00000000f1d04fb8) thrown at [C:\re\workspace\8-2-build-windows-amd64-cygwin\jdk8u11\648\hotspot\src\share\vm\prims\jvm.cpp, line 1248]
Event: 52.368 Thread 0x0000000059226800 Exception <a 'java/security/PrivilegedActionException'> (0x00000000f1d09378) thrown at [C:\re\workspace\8-2-build-windows-amd64-cygwin\jdk8u11\648\hotspot\src\share\vm\prims\jvm.cpp, line 1248]

Events (10 events):
Event: 52.360 loading class v/market/UserFilters$_closure1_closure2_closure3BeanInfo
Event: 52.360 loading class v/market/UserFilters$_closure1_closure2_closure3BeanInfo done
Event: 52.362 loading class v/market/UserFilters$_closure1_closure2_closure3BeanInfo
Event: 52.362 loading class v/market/UserFilters$_closure1_closure2_closure3BeanInfo done
Event: 52.365 loading class v/market/UserFilters$_closure1_closure2_closure3BeanInfo
Event: 52.365 loading class v/market/UserFilters$_closure1_closure2_closure3BeanInfo done
Event: 52.365 loading class v/market/UserFilters$_closure1_closure2_closure3Customizer
Event: 52.365 loading class v/market/UserFilters$_closure1_closure2_closure3Customizer done
Event: 52.367 loading class v/market/UserFilters$_closure1_closure2_closure3Customizer
Event: 52.367 loading class v/market/UserFilters$_closure1_closure2_closure3Customizer done


Dynamic libraries:
0x000000013fa00000 - 0x000000013fa34000 	C:\Program Files\Java\jdk1.8.0_11\bin\java.exe
0x0000000076f20000 - 0x00000000770c9000 	C:\Windows\SYSTEM32\ntdll.dll
0x0000000076e00000 - 0x0000000076f1f000 	C:\Windows\system32\kernel32.dll
0x000007fefd020000 - 0x000007fefd08c000 	C:\Windows\system32\KERNELBASE.dll
0x000007fefd340000 - 0x000007fefd41b000 	C:\Windows\system32\ADVAPI32.dll
0x000007fefeba0000 - 0x000007fefec3f000 	C:\Windows\system32\msvcrt.dll
0x000007fefd950000 - 0x000007fefd96f000 	C:\Windows\SYSTEM32\sechost.dll
0x000007fefd210000 - 0x000007fefd33d000 	C:\Windows\system32\RPCRT4.dll
0x0000000076d00000 - 0x0000000076dfa000 	C:\Windows\system32\USER32.dll
0x000007fefd420000 - 0x000007fefd487000 	C:\Windows\system32\GDI32.dll
0x000007fefeb60000 - 0x000007fefeb6e000 	C:\Windows\system32\LPK.dll
0x000007fefd760000 - 0x000007fefd829000 	C:\Windows\system32\USP10.dll
0x000007fefb2a0000 - 0x000007fefb494000 	C:\Windows\WinSxS\amd64_microsoft.windows.common-controls_6595b64144ccf1df_6.0.7601.18837_none_fa3b1e3d17594757\COMCTL32.dll
0x000007fefd6e0000 - 0x000007fefd751000 	C:\Windows\system32\SHLWAPI.dll
0x000007fefeb70000 - 0x000007fefeb9e000 	C:\Windows\system32\IMM32.DLL
0x000007fefec40000 - 0x000007fefed49000 	C:\Windows\system32\MSCTF.dll
0x000007fefccb0000 - 0x000007fefccdf000 	C:\Windows\system32\nvinitx.dll
0x0000000066d80000 - 0x0000000066e52000 	C:\Program Files\Java\jdk1.8.0_11\jre\bin\msvcr100.dll
0x000000005ccc0000 - 0x000000005d4ea000 	C:\Program Files\Java\jdk1.8.0_11\jre\bin\server\jvm.dll
0x000007fef9ca0000 - 0x000007fef9ca9000 	C:\Windows\system32\WSOCK32.dll
0x000007feff000000 - 0x000007feff04d000 	C:\Windows\system32\WS2_32.dll
0x000007fefeb50000 - 0x000007fefeb58000 	C:\Windows\system32\NSI.dll
0x000007fefaca0000 - 0x000007fefacdb000 	C:\Windows\system32\WINMM.dll
0x00000000770e0000 - 0x00000000770e7000 	C:\Windows\system32\PSAPI.DLL
0x0000000074930000 - 0x000000007493f000 	C:\Program Files\Java\jdk1.8.0_11\jre\bin\verify.dll
0x0000000074900000 - 0x0000000074928000 	C:\Program Files\Java\jdk1.8.0_11\jre\bin\java.dll
0x0000000066d50000 - 0x0000000066d73000 	C:\Program Files\Java\jdk1.8.0_11\jre\bin\instrument.dll
0x0000000066d30000 - 0x0000000066d46000 	C:\Program Files\Java\jdk1.8.0_11\jre\bin\zip.dll
0x000007fefd970000 - 0x000007fefe6f9000 	C:\Windows\system32\SHELL32.dll
0x000007fefe940000 - 0x000007fefeb43000 	C:\Windows\system32\ole32.dll
0x000007fefcce0000 - 0x000007fefccef000 	C:\Windows\system32\profapi.dll
0x000007fefc580000 - 0x000007fefc598000 	C:\Windows\system32\CRYPTSP.dll
0x000007fefc280000 - 0x000007fefc2c7000 	C:\Windows\system32\rsaenh.dll
0x000007fefbfb0000 - 0x000007fefbfce000 	C:\Windows\system32\USERENV.dll
0x000007fefcbe0000 - 0x000007fefcbef000 	C:\Windows\system32\CRYPTBASE.dll
0x0000000066d10000 - 0x0000000066d2a000 	C:\Program Files\Java\jdk1.8.0_11\jre\bin\net.dll
0x000007fefc520000 - 0x000007fefc575000 	C:\Windows\system32\mswsock.dll
0x000007fefc510000 - 0x000007fefc517000 	C:\Windows\System32\wship6.dll
0x000007fefab50000 - 0x000007fefab77000 	C:\Windows\system32\IPHLPAPI.DLL
0x000007fefab30000 - 0x000007fefab3b000 	C:\Windows\system32\WINNSI.DLL
0x000007fefa8e0000 - 0x000007fefa8f8000 	C:\Windows\system32\dhcpcsvc.DLL
0x000007fefa8c0000 - 0x000007fefa8d1000 	C:\Windows\system32\dhcpcsvc6.DLL
0x0000000066cf0000 - 0x0000000066d01000 	C:\Program Files\Java\jdk1.8.0_11\jre\bin\nio.dll
0x000007fefa180000 - 0x000007fefa18a000 	C:\Users\Damperius\AppData\Local\Temp\jansi-64-8629030607919867287.dll
0x0000000066cb0000 - 0x0000000066cbd000 	C:\Program Files\Java\jdk1.8.0_11\jre\bin\management.dll
0x000007fefbe70000 - 0x000007fefbe77000 	C:\Windows\System32\wshtcpip.dll
0x000007fefc3a0000 - 0x000007fefc3fb000 	C:\Windows\system32\DNSAPI.dll
0x000007fef70f0000 - 0x000007fef711f000 	C:\Program Files\Common Files\Microsoft Shared\Windows Live\WLIDNSP.DLL
0x000007fef70e0000 - 0x000007fef70e8000 	C:\Windows\system32\rasadhlp.dll
0x000007fefa960000 - 0x000007fefa9b3000 	C:\Windows\System32\fwpuclnt.dll
0x000007fefb0a0000 - 0x000007fefb0b5000 	C:\Windows\system32\NLAapi.dll
0x000007fef6360000 - 0x000007fef6375000 	C:\Windows\system32\napinsp.dll
0x000007fef5fe0000 - 0x000007fef5ff9000 	C:\Windows\system32\pnrpnsp.dll
0x000007fef5fd0000 - 0x000007fef5fdb000 	C:\Windows\System32\winrnr.dll
0x000007fef5fc0000 - 0x000007fef5fd0000 	C:\Windows\system32\wshbth.dll
0x000007fef9900000 - 0x000007fef9a25000 	C:\Windows\system32\dbghelp.dll

VM Arguments:
jvm_args: -Dfile.encoding=UTF-8 -Xmx768M -Xms64M -Dgrails.fork.parent.process.port=50015 -Dgrails.fork.active=true -Dgrails.build.execution.context=C:\Users\Damperius\AppData\Local\Temp\ver64449367237052389557grails-execution-context -Dgrails.home=C:\grails\grails-2.4.4 -javaagent:C:\grails\grails-2.4.4\lib\org.springframework\springloaded\jars\springloaded-1.2.1.RELEASE.jar -Xverify:none -Dspringloaded.synchronize=true -Djdk.reflect.allowGetCallerClass=true -Dspringloaded=profile=grails;cacheDir=C:\Users\Damperius\.grails\2.4.4 
java_command: org.grails.plugins.tomcat.fork.ForkedTomcatServer
java_class_path (initial): C:\Program Files\Java\jdk1.8.0_11\lib\tools.jar;C:\grails\grails-2.4.4\lib\org.codehaus.groovy\groovy-all\jars\groovy-all-2.3.7.jar;C:\grails\grails-2.4.4\lib\org.slf4j\jcl-over-slf4j\jars\jcl-over-slf4j-1.7.5.jar;C:\grails\grails-2.4.4\lib\org.codehaus.gant\gant_groovy1.8\jars\gant_groovy1.8-1.9.6.jar;C:\grails\grails-2.4.4\lib\org.apache.tomcat.embed\tomcat-embed-logging-log4j\jars\tomcat-embed-logging-log4j-7.0.50.jar;C:\grails\grails-2.4.4\dist\grails-plugin-log4j-2.4.4.jar;C:\grails\grails-2.4.4\lib\log4j\log4j\jars\log4j-1.2.17.jar;C:\grails\grails-2.4.4\dist\grails-bootstrap-2.4.4.jar;C:\grails\grails-2.4.4\lib\org.slf4j\slf4j-api\jars\slf4j-api-1.7.5.jar;C:\grails\grails-2.4.4\lib\jline\jline\jars\jline-2.12.jar;C:\grails\grails-2.4.4\lib\org.apache.ant\ant\jars\ant-1.8.4.jar;C:\grails\grails-2.4.4\lib\org.apache.ant\ant-launcher\jars\ant-launcher-1.8.4.jar;C:\grails\grails-2.4.4\lib\org.apache.ant\ant-trax\jars\ant-trax-1.7.1.jar;C:\grails\grails-2.4.4\lib\org.apache.ant\ant-junit\jars\ant-junit-1.8.4.jar;C:\grails\grails-2.4.4\lib\org.apache.ivy\ivy\jars\ivy-2.3.0.jar;C:\grails\grails-2.4.4\lib\org.fusesource.jansi\jansi\jars\jansi-1.11.jar;C:\Users\Damperius\.m2\repository\org\apache\tomcat\tomcat-catalina-ant\7.0.55\tomcat-catalina-ant-7.0.55.jar;C:\Users\Damperius\.m2\repository\org\apache\tomcat\embed\tomcat-embed-jasper\7.0.55\tomcat-embed-jasper-7.0.55.jar;C:\Users\Damperius\.m2\repository\org\apache\tomcat\embed\tomcat-embed-el\7.0.55\tomcat-embed-el-7.0.55.jar;C:\Users\Damperius\.m2\repository\org\apache\tomcat\embed\tomcat-embed-logging-log4j\7.0.55\tomcat-embed-logging-log4j-7.0.55.jar;C:\Users\Damperius\.m2\repository\org\apache\tomcat\embed\tomcat-embed-websocket\7.0.55\tomcat-embed-websocket-7.0.55.jar;C:\Users\Damperius\.m2\repository\org\apache\tomcat\embed\tomcat-embed-core\7.0.55\tomcat-embed-core-7.0.55.jar;C:\Users\Damperius\.m2\repository\org\eclipse\jdt\core\compiler\ecj\3.7.2\ecj-3.7.2.jar;C:\Users\Damperi
Launcher Type: SUN_STANDARD

Environment Variables:
JAVA_HOME=C:\Program Files\Java\jdk1.8.0_11
CLASSPATH=C:\Users\Damperius\Downloads\ANTLR\antlr-4.5-complete.jar
PATH=C:\Program Files\Common Files\Microsoft Shared\Windows Live;C:\Program Files (x86)\Common Files\Microsoft Shared\Windows Live;C:\Program Files (x86)\NVIDIA Corporation\PhysX\Common;C:\Windows\system32;C:\Windows;C:\Windows\System32\Wbem;C:\Windows\System32\WindowsPowerShell\v1.0\;C:\Program Files\Broadcom\Broadcom 802.11 Network Adapter\Driver;C:\Program Files\WIDCOMM\Bluetooth Software\;C:\Program Files\WIDCOMM\Bluetooth Software\syswow64;C:\Program Files\MATLAB\R2014a\runtime\win64;C:\Program Files\MATLAB\R2014a\bin;C:\Program Files\MATLAB\R2014a\polyspace\bin;C:\Program Files (x86)\Windows Live\Shared;C:\Program Files\Java\jdk1.8.0_11\bin;C:\grails\grails-2.4.4\bin;C:\Program Files (x86)\Git\cmd;C:\Program Files (x86)\Git\bin;C:\Program Files\mingw-w64\x86_64-4.9.2-posix-seh-rt_v4-rev2\mingw64\bin;C:\Users\Damperius\Downloads\ANTLR\antlr-4.5-complete.jar;.;;.;;.;
USERNAME=Damperius
OS=Windows_NT
PROCESSOR_IDENTIFIER=Intel64 Family 6 Model 37 Stepping 5, GenuineIntel



---------------  S Y S T E M  ---------------

OS: Windows 7 , 64 bit Build 7601 Service Pack 1

CPU:total 4 (2 cores per cpu, 2 threads per core) family 6 model 37 stepping 5, cmov, cx8, fxsr, mmx, sse, sse2, sse3, ssse3, sse4.1, sse4.2, popcnt, ht, tsc, tscinvbit

Memory: 4k page, physical 3985908k(773492k free), swap 7969980k(3016556k free)

vm_info: Java HotSpot(TM) 64-Bit Server VM (25.11-b03) for windows-amd64 JRE (1.8.0_11-b12), built on Jun 16 2014 20:57:32 by "java_re" with MS VC++ 10.0 (VS2010)

time: Sun Jun 14 11:35:34 2015
elapsed time: 52 seconds

