#
# A fatal error has been detected by the Java Runtime Environment:
#
#  EXCEPTION_ACCESS_VIOLATION (0xc0000005) at pc=0x000000005d644db2, pid=3720, tid=6840
#
# JRE version: Java(TM) SE Runtime Environment (8.0_11-b12) (build 1.8.0_11-b12)
# Java VM: Java HotSpot(TM) 64-Bit Server VM (25.11-b03 mixed mode windows-amd64 compressed oops)
# Problematic frame:
# V  [jvm.dll+0x424db2]
#
# Failed to write core dump. Minidumps are not enabled by default on client versions of Windows
#
# If you would like to submit a bug report, please visit:
#   http://bugreport.sun.com/bugreport/crash.jsp
#

---------------  T H R E A D  ---------------

Current thread (0x0000000055cdf000):  JavaThread "C2 CompilerThread0" daemon [_thread_in_native, id=6840, stack(0x0000000056460000,0x0000000056560000)]

siginfo: ExceptionCode=0xc0000005, reading address 0x0000000000000000

Registers:
RAX=0x000000005b685c78, RBX=0x0000000000000600, RCX=0x0000000000000000, RDX=0x0000000057fcb4c0
RSP=0x000000005655c200, RBP=0x00000000000000c0, RSI=0x00000000000000b8, RDI=0x0000000000000000
R8 =0x000000005d220000, R9 =0x000000005655c520, R10=0x00000000ffffffff, R11=0x0000000055ce18b0
R12=0x000000005b686380, R13=0x000000005baecaf8, R14=0x0000000000000008, R15=0x000000005baecaf8
RIP=0x000000005d644db2, EFLAGS=0x0000000000010206

Top of Stack: (sp=0x000000005655c200)
0x000000005655c200:   00000000000000da 0000000057fc6e50
0x000000005655c210:   0000000000000090 0000000000000400
0x000000005655c220:   0000000000000001 0000000000000600
0x000000005655c230:   0000000000000180 00000000000000c0
0x000000005655c240:   0000000057ed2fc0 0000000055cefc50
0x000000005655c250:   00000000000006c0 0000000057fc6e50
0x000000005655c260:   000000005655c520 000000005b682de0
0x000000005655c270:   0000000000000020 0000000000000009
0x000000005655c280:   000000005b686350 00000000000000da
0x000000005655c290:   000000005baecaf8 000000005d64598d
0x000000005655c2a0:   000000005b686350 000000000000001c
0x000000005655c2b0:   00000000000000da 000000005655c520
0x000000005655c2c0:   0000000057fcb4c0 00000000000000da
0x000000005655c2d0:   000000005b682de0 0000000000000020
0x000000005655c2e0:   0000000059855008 000000005655e890
0x000000005655c2f0:   0000000059855638 000000005b686350 

Instructions: (pc=0x000000005d644db2)
0x000000005d644d92:   c6 48 63 f0 48 03 f1 eb 04 48 83 ce ff 48 8b 84
0x000000005d644da2:   24 a0 00 00 00 48 8b 40 08 48 8b 3c 03 48 8b cf
0x000000005d644db2:   48 8b 07 ff 50 28 4c 8d 05 41 b2 bd ff 48 63 50
0x000000005d644dc2:   10 4c 8b d8 48 8b ca 48 c1 e1 05 42 80 bc 01 c0 


Register to memory mapping:

RAX=0x000000005b685c78 is an unknown value
RBX=0x0000000000000600 is an unknown value
RCX=0x0000000000000000 is an unknown value
RDX=0x0000000057fcb4c0 is an unknown value
RSP=0x000000005655c200 is pointing into the stack for thread: 0x0000000055cdf000
RBP=0x00000000000000c0 is an unknown value
RSI=0x00000000000000b8 is an unknown value
RDI=0x0000000000000000 is an unknown value
R8 =0x000000005d220000 is an unknown value
R9 =0x000000005655c520 is pointing into the stack for thread: 0x0000000055cdf000
R10=0x00000000ffffffff is an unknown value
R11=0x0000000055ce18b0 is an unknown value
R12=0x000000005b686380 is an unknown value
R13=0x000000005baecaf8 is an unknown value
R14=0x0000000000000008 is an unknown value
R15=0x000000005baecaf8 is an unknown value


Stack: [0x0000000056460000,0x0000000056560000],  sp=0x000000005655c200,  free space=1008k
Native frames: (J=compiled Java code, j=interpreted, Vv=VM code, C=native code)
V  [jvm.dll+0x424db2]
V  [jvm.dll+0x42598d]
V  [jvm.dll+0x425ecf]
V  [jvm.dll+0x4c5a84]
V  [jvm.dll+0x4415bc]
V  [jvm.dll+0x443a29]
V  [jvm.dll+0x427722]
V  [jvm.dll+0x96982]
V  [jvm.dll+0x97173]
V  [jvm.dll+0x2234b4]
V  [jvm.dll+0x27bcca]
C  [msvcr100.dll+0x21d9f]
C  [msvcr100.dll+0x21e3b]
C  [kernel32.dll+0x159cd]
C  [ntdll.dll+0x2b981]


Current CompileTask:
C2:  40791 6293       4       groovy.lang.MetaClassImpl::findPropertyMethod (356 bytes)


---------------  P R O C E S S  ---------------

Java Threads: ( => current thread )
  0x00000000596d1800 JavaThread "v.market.SecRole.data" daemon [_thread_blocked, id=5080, stack(0x000000005cb40000,0x000000005cc40000)]
  0x00000000596cf000 JavaThread "net.sf.ehcache.CacheManager@48ab511d" daemon [_thread_blocked, id=1228, stack(0x000000005f6e0000,0x000000005f7e0000)]
  0x000000005b21e800 JavaThread "PoolCleaner[790021811:1434323766441]" daemon [_thread_blocked, id=4556, stack(0x000000005ea70000,0x000000005eb70000)]
  0x0000000059519000 JavaThread "FileSystemWatcher: files=#202 cl=groovy.lang.GroovyClassLoader@2f16c6b3" daemon [_thread_blocked, id=5652, stack(0x000000005a9f0000,0x000000005aaf0000)]
  0x0000000059479000 JavaThread "localhost-startStop-1" daemon [_thread_in_native, id=8112, stack(0x000000005a8c0000,0x000000005a9c0000)]
  0x0000000059478000 JavaThread "Tomcat-startStop-1" daemon [_thread_blocked, id=7252, stack(0x0000000059af0000,0x0000000059bf0000)]
  0x0000000059053000 JavaThread "Thread-3" [_thread_in_native, id=2828, stack(0x000000005a480000,0x000000005a580000)]
  0x0000000057c90800 JavaThread "Thread-2" [_thread_blocked, id=5144, stack(0x00000000589f0000,0x0000000058af0000)]
  0x0000000056efd800 JavaThread "NonBlockingInputStreamThread" daemon [_thread_blocked, id=3324, stack(0x0000000057680000,0x0000000057780000)]
  0x0000000055dda800 JavaThread "Service Thread" daemon [_thread_blocked, id=7640, stack(0x00000000567d0000,0x00000000568d0000)]
  0x0000000055cea800 JavaThread "C1 CompilerThread2" daemon [_thread_blocked, id=3716, stack(0x0000000056670000,0x0000000056770000)]
  0x0000000055ce0000 JavaThread "C2 CompilerThread1" daemon [_thread_in_native, id=5704, stack(0x0000000056090000,0x0000000056190000)]
=>0x0000000055cdf000 JavaThread "C2 CompilerThread0" daemon [_thread_in_native, id=6840, stack(0x0000000056460000,0x0000000056560000)]
  0x00000000548e4800 JavaThread "Attach Listener" daemon [_thread_blocked, id=6616, stack(0x0000000056310000,0x0000000056410000)]
  0x00000000548e3000 JavaThread "Signal Dispatcher" daemon [_thread_blocked, id=4472, stack(0x00000000561b0000,0x00000000562b0000)]
  0x0000000054885800 JavaThread "Finalizer" daemon [_thread_blocked, id=7584, stack(0x0000000055af0000,0x0000000055bf0000)]
  0x000000005487c800 JavaThread "Reference Handler" daemon [_thread_blocked, id=7504, stack(0x0000000055970000,0x0000000055a70000)]
  0x00000000021d8800 JavaThread "main" [_thread_blocked, id=6640, stack(0x0000000002310000,0x0000000002410000)]

Other Threads:
  0x0000000054879000 VMThread [stack: 0x0000000055850000,0x0000000055950000] [id=7780]
  0x0000000055de9000 WatcherThread [stack: 0x0000000056a70000,0x0000000056b70000] [id=6152]

VM state:not at safepoint (normal execution)

VM Mutex/Monitor currently owned by a thread: None

Heap:
 PSYoungGen      total 218112K, used 88993K [0x00000000f0000000, 0x0000000100000000, 0x0000000100000000)
  eden space 180224K, 32% used [0x00000000f0000000,0x00000000f39a06c0,0x00000000fb000000)
  from space 37888K, 79% used [0x00000000fdb00000,0x00000000ff847ec8,0x0000000100000000)
  to   space 40960K, 0% used [0x00000000fb000000,0x00000000fb000000,0x00000000fd800000)
 ParOldGen       total 97280K, used 80197K [0x00000000d0000000, 0x00000000d5f00000, 0x00000000f0000000)
  object space 97280K, 82% used [0x00000000d0000000,0x00000000d4e51500,0x00000000d5f00000)
 Metaspace       used 63448K, capacity 65190K, committed 65664K, reserved 1107968K
  class space    used 6943K, capacity 7444K, committed 7552K, reserved 1048576K

Card table byte_map: [0x0000000011c60000,0x0000000011df0000] byte_map_base: 0x00000000115e0000

Marking Bits: (ParMarkBitMap*) 0x000000005d9d12b0
 Begin Bits: [0x0000000012570000, 0x0000000013170000)
 End Bits:   [0x0000000013170000, 0x0000000013d70000)

Polling page: 0x0000000000130000

CodeCache: size=245760Kb used=19936Kb max_used=20516Kb free=225823Kb
 bounds [0x00000000028a0000, 0x0000000003cc0000, 0x00000000118a0000]
 total_blobs=6162 nmethods=5402 adapters=671
 compilation: enabled

Compilation events (10 events):
Event: 40.701 Thread 0x0000000055cea800 6310       2       sun.reflect.generics.factory.CoreReflectionFactory::makeTypeVariable (11 bytes)
Event: 40.701 Thread 0x0000000055cea800 nmethod 6310 0x0000000002aec690 code [0x0000000002aec800, 0x0000000002aec968]
Event: 40.714 Thread 0x0000000055cdf000 nmethod 6212 0x0000000002a8b3d0 code [0x0000000002a8b940, 0x0000000002a90218]
Event: 40.717 Thread 0x0000000055cdf000 6305       4       org.codehaus.groovy.runtime.metaclass.MetaMethodIndex::findMatchingMethod (51 bytes)
Event: 40.718 Thread 0x0000000055cea800 6311       2       groovy.lang.MetaBeanProperty::setField (6 bytes)
Event: 40.718 Thread 0x0000000055cea800 nmethod 6311 0x0000000002d7b950 code [0x0000000002d7baa0, 0x0000000002d7bc10]
Event: 40.721 Thread 0x0000000055cdf000 nmethod 6305 0x0000000002b8b590 code [0x0000000002b8b6e0, 0x0000000002b8b8f8]
Event: 40.725 Thread 0x0000000055cdf000 6293       4       groovy.lang.MetaClassImpl::findPropertyMethod (356 bytes)
Event: 40.735 Thread 0x0000000055cea800 6312       2       java.util.regex.Pattern$Dollar::study (14 bytes)
Event: 40.736 Thread 0x0000000055cea800 nmethod 6312 0x0000000003115610 code [0x0000000003115780, 0x0000000003115908]

GC Heap History (10 events):
Event: 34.124 GC heap before
{Heap before GC invocations=52 (full 5):
 PSYoungGen      total 228864K, used 224521K [0x00000000f0000000, 0x0000000100000000, 0x0000000100000000)
  eden space 201728K, 99% used [0x00000000f0000000,0x00000000fc342140,0x00000000fc500000)
  from space 27136K, 90% used [0x00000000fe580000,0x00000000ffd80310,0x0000000100000000)
  to   space 30208K, 0% used [0x00000000fc500000,0x00000000fc500000,0x00000000fe280000)
 ParOldGen       total 80384K, used 64592K [0x00000000d0000000, 0x00000000d4e80000, 0x00000000f0000000)
  object space 80384K, 80% used [0x00000000d0000000,0x00000000d3f142b0,0x00000000d4e80000)
 Metaspace       used 59398K, capacity 61090K, committed 61440K, reserved 1103872K
  class space    used 6427K, capacity 6892K, committed 6912K, reserved 1048576K
Event: 34.369 GC heap after
Heap after GC invocations=52 (full 5):
 PSYoungGen      total 231936K, used 30202K [0x00000000f0000000, 0x0000000100000000, 0x0000000100000000)
  eden space 201728K, 0% used [0x00000000f0000000,0x00000000f0000000,0x00000000fc500000)
  from space 30208K, 99% used [0x00000000fc500000,0x00000000fe27e9c0,0x00000000fe280000)
  to   space 30208K, 0% used [0x00000000fe280000,0x00000000fe280000,0x0000000100000000)
 ParOldGen       total 80384K, used 65566K [0x00000000d0000000, 0x00000000d4e80000, 0x00000000f0000000)
  object space 80384K, 81% used [0x00000000d0000000,0x00000000d4007848,0x00000000d4e80000)
 Metaspace       used 59398K, capacity 61090K, committed 61440K, reserved 1103872K
  class space    used 6427K, capacity 6892K, committed 6912K, reserved 1048576K
}
Event: 35.253 GC heap before
{Heap before GC invocations=53 (full 5):
 PSYoungGen      total 231936K, used 226288K [0x00000000f0000000, 0x0000000100000000, 0x0000000100000000)
  eden space 201728K, 97% used [0x00000000f0000000,0x00000000fbf7d788,0x00000000fc500000)
  from space 30208K, 99% used [0x00000000fc500000,0x00000000fe27e9c0,0x00000000fe280000)
  to   space 30208K, 0% used [0x00000000fe280000,0x00000000fe280000,0x0000000100000000)
 ParOldGen       total 80384K, used 65566K [0x00000000d0000000, 0x00000000d4e80000, 0x00000000f0000000)
  object space 80384K, 81% used [0x00000000d0000000,0x00000000d4007848,0x00000000d4e80000)
 Metaspace       used 60737K, capacity 62478K, committed 62976K, reserved 1105920K
  class space    used 6578K, capacity 7055K, committed 7168K, reserved 1048576K
Event: 35.306 GC heap after
Heap after GC invocations=53 (full 5):
 PSYoungGen      total 218624K, used 23890K [0x00000000f0000000, 0x0000000100000000, 0x0000000100000000)
  eden space 188416K, 0% used [0x00000000f0000000,0x00000000f0000000,0x00000000fb800000)
  from space 30208K, 79% used [0x00000000fe280000,0x00000000ff9d49f0,0x0000000100000000)
  to   space 36864K, 0% used [0x00000000fb800000,0x00000000fb800000,0x00000000fdc00000)
 ParOldGen       total 80384K, used 76322K [0x00000000d0000000, 0x00000000d4e80000, 0x00000000f0000000)
  object space 80384K, 94% used [0x00000000d0000000,0x00000000d4a88a68,0x00000000d4e80000)
 Metaspace       used 60737K, capacity 62478K, committed 62976K, reserved 1105920K
  class space    used 6578K, capacity 7055K, committed 7168K, reserved 1048576K
}
Event: 35.306 GC heap before
{Heap before GC invocations=54 (full 6):
 PSYoungGen      total 218624K, used 23890K [0x00000000f0000000, 0x0000000100000000, 0x0000000100000000)
  eden space 188416K, 0% used [0x00000000f0000000,0x00000000f0000000,0x00000000fb800000)
  from space 30208K, 79% used [0x00000000fe280000,0x00000000ff9d49f0,0x0000000100000000)
  to   space 36864K, 0% used [0x00000000fb800000,0x00000000fb800000,0x00000000fdc00000)
 ParOldGen       total 80384K, used 76322K [0x00000000d0000000, 0x00000000d4e80000, 0x00000000f0000000)
  object space 80384K, 94% used [0x00000000d0000000,0x00000000d4a88a68,0x00000000d4e80000)
 Metaspace       used 60737K, capacity 62478K, committed 62976K, reserved 1105920K
  class space    used 6578K, capacity 7055K, committed 7168K, reserved 1048576K
Event: 36.518 GC heap after
Heap after GC invocations=54 (full 6):
 PSYoungGen      total 218624K, used 17543K [0x00000000f0000000, 0x0000000100000000, 0x0000000100000000)
  eden space 188416K, 0% used [0x00000000f0000000,0x00000000f0000000,0x00000000fb800000)
  from space 30208K, 58% used [0x00000000fe280000,0x00000000ff3a1f60,0x0000000100000000)
  to   space 36864K, 0% used [0x00000000fb800000,0x00000000fb800000,0x00000000fdc00000)
 ParOldGen       total 97280K, used 80181K [0x00000000d0000000, 0x00000000d5f00000, 0x00000000f0000000)
  object space 97280K, 82% used [0x00000000d0000000,0x00000000d4e4d500,0x00000000d5f00000)
 Metaspace       used 60737K, capacity 62478K, committed 62976K, reserved 1105920K
  class space    used 6578K, capacity 7055K, committed 7168K, reserved 1048576K
}
Event: 39.234 GC heap before
{Heap before GC invocations=55 (full 6):
 PSYoungGen      total 218624K, used 204751K [0x00000000f0000000, 0x0000000100000000, 0x0000000100000000)
  eden space 188416K, 99% used [0x00000000f0000000,0x00000000fb6d1dd8,0x00000000fb800000)
  from space 30208K, 58% used [0x00000000fe280000,0x00000000ff3a1f60,0x0000000100000000)
  to   space 36864K, 0% used [0x00000000fb800000,0x00000000fb800000,0x00000000fdc00000)
 ParOldGen       total 97280K, used 80181K [0x00000000d0000000, 0x00000000d5f00000, 0x00000000f0000000)
  object space 97280K, 82% used [0x00000000d0000000,0x00000000d4e4d500,0x00000000d5f00000)
 Metaspace       used 61636K, capacity 63354K, committed 63744K, reserved 1105920K
  class space    used 6664K, capacity 7132K, committed 7168K, reserved 1048576K
Event: 39.344 GC heap after
Heap after GC invocations=55 (full 6):
 PSYoungGen      total 212480K, used 23891K [0x00000000f0000000, 0x0000000100000000, 0x0000000100000000)
  eden space 188416K, 0% used [0x00000000f0000000,0x00000000f0000000,0x00000000fb800000)
  from space 24064K, 99% used [0x00000000fb800000,0x00000000fcf54cf8,0x00000000fcf80000)
  to   space 37888K, 0% used [0x00000000fdb00000,0x00000000fdb00000,0x0000000100000000)
 ParOldGen       total 97280K, used 80189K [0x00000000d0000000, 0x00000000d5f00000, 0x00000000f0000000)
  object space 97280K, 82% used [0x00000000d0000000,0x00000000d4e4f500,0x00000000d5f00000)
 Metaspace       used 61636K, capacity 63354K, committed 63744K, reserved 1105920K
  class space    used 6664K, capacity 7132K, committed 7168K, reserved 1048576K
}
Event: 40.417 GC heap before
{Heap before GC invocations=56 (full 6):
 PSYoungGen      total 212480K, used 212307K [0x00000000f0000000, 0x0000000100000000, 0x0000000100000000)
  eden space 188416K, 100% used [0x00000000f0000000,0x00000000fb800000,0x00000000fb800000)
  from space 24064K, 99% used [0x00000000fb800000,0x00000000fcf54cf8,0x00000000fcf80000)
  to   space 37888K, 0% used [0x00000000fdb00000,0x00000000fdb00000,0x0000000100000000)
 ParOldGen       total 97280K, used 80189K [0x00000000d0000000, 0x00000000d5f00000, 0x00000000f0000000)
  object space 97280K, 82% used [0x00000000d0000000,0x00000000d4e4f500,0x00000000d5f00000)
 Metaspace       used 63182K, capacity 64960K, committed 65280K, reserved 1107968K
  class space    used 6893K, capacity 7389K, committed 7424K, reserved 1048576K
Event: 40.448 GC heap after
Heap after GC invocations=56 (full 6):
 PSYoungGen      total 218112K, used 29983K [0x00000000f0000000, 0x0000000100000000, 0x0000000100000000)
  eden space 180224K, 0% used [0x00000000f0000000,0x00000000f0000000,0x00000000fb000000)
  from space 37888K, 79% used [0x00000000fdb00000,0x00000000ff847ec8,0x0000000100000000)
  to   space 40960K, 0% used [0x00000000fb000000,0x00000000fb000000,0x00000000fd800000)
 ParOldGen       total 97280K, used 80197K [0x00000000d0000000, 0x00000000d5f00000, 0x00000000f0000000)
  object space 97280K, 82% used [0x00000000d0000000,0x00000000d4e51500,0x00000000d5f00000)
 Metaspace       used 63182K, capacity 64960K, committed 65280K, reserved 1107968K
  class space    used 6893K, capacity 7389K, committed 7424K, reserved 1048576K
}

Deoptimization events (10 events):
Event: 34.635 Thread 0x0000000059479000 Uncommon trap: reason=unreached action=reinterpret pc=0x0000000003ac454c method=java.lang.reflect.AnnotatedElement.isAnnotationPresent(Ljava/lang/Class;)Z @ 7
Event: 35.026 Thread 0x0000000059479000 Uncommon trap: reason=bimorphic action=maybe_recompile pc=0x0000000003685a58 method=sl.org.objectweb.asm.ClassReader.a(Lsl/org/objectweb/asm/MethodVisitor;Lsl/org/objectweb/asm/Context;I)V @ 2782
Event: 35.195 Thread 0x0000000059479000 Uncommon trap: reason=unreached action=reinterpret pc=0x0000000003606820 method=sl.org.objectweb.asm.ByteVector.putByteArray([BII)Lsl/org/objectweb/asm/ByteVector; @ 20
Event: 35.196 Thread 0x0000000059479000 Uncommon trap: reason=class_check action=maybe_recompile pc=0x0000000003687910 method=sl.org.objectweb.asm.ClassReader.a(Lsl/org/objectweb/asm/MethodVisitor;Lsl/org/objectweb/asm/Context;I)V @ 1945
Event: 35.196 Thread 0x0000000059479000 Uncommon trap: reason=class_check action=maybe_recompile pc=0x0000000003687910 method=sl.org.objectweb.asm.ClassReader.a(Lsl/org/objectweb/asm/MethodVisitor;Lsl/org/objectweb/asm/Context;I)V @ 1945
Event: 35.196 Thread 0x0000000059479000 Uncommon trap: reason=class_check action=maybe_recompile pc=0x0000000003687910 method=sl.org.objectweb.asm.ClassReader.a(Lsl/org/objectweb/asm/MethodVisitor;Lsl/org/objectweb/asm/Context;I)V @ 1945
Event: 36.535 Thread 0x0000000059479000 Uncommon trap: reason=unloaded action=reinterpret pc=0x0000000003a8d53c method=org.springframework.core.BridgeMethodResolver.findBridgedMethod(Ljava/lang/reflect/Method;)Ljava/lang/reflect/Method; @ 13
Event: 36.983 Thread 0x0000000059479000 Uncommon trap: reason=unreached action=reinterpret pc=0x0000000002b38514 method=org.springframework.util.ObjectUtils.nullSafeEquals(Ljava/lang/Object;Ljava/lang/Object;)Z @ 12
Event: 38.023 Thread 0x0000000059479000 Uncommon trap: reason=unreached action=reinterpret pc=0x00000000030a82f0 method=org.codehaus.groovy.runtime.metaclass.MetaMethodIndex.getMethods(Ljava/lang/Class;Ljava/lang/String;)Lorg/codehaus/groovy/runtime/metaclass/MetaMethodIndex$Entry; @ 61
Event: 38.641 Thread 0x0000000059479000 Uncommon trap: reason=unreached action=reinterpret pc=0x0000000003ab869c method=org.springframework.beans.factory.support.AbstractAutowireCapableBeanFactory.predictBeanType(Ljava/lang/String;Lorg/springframework/beans/factory/support/RootBeanDefinition;[Lj

Internal exceptions (10 events):
Event: 40.750 Thread 0x0000000059479000 Exception <a 'java/security/PrivilegedActionException'> (0x00000000f2d021e0) thrown at [C:\re\workspace\8-2-build-windows-amd64-cygwin\jdk8u11\648\hotspot\src\share\vm\prims\jvm.cpp, line 1248]
Event: 40.752 Thread 0x0000000059479000 Exception <a 'java/security/PrivilegedActionException'> (0x00000000f2d1a668) thrown at [C:\re\workspace\8-2-build-windows-amd64-cygwin\jdk8u11\648\hotspot\src\share\vm\prims\jvm.cpp, line 1248]
Event: 40.752 Thread 0x0000000059479000 Exception <a 'java/security/PrivilegedActionException'> (0x00000000f2d1d288) thrown at [C:\re\workspace\8-2-build-windows-amd64-cygwin\jdk8u11\648\hotspot\src\share\vm\prims\jvm.cpp, line 1248]
Event: 40.753 Thread 0x0000000059479000 Exception <a 'java/security/PrivilegedActionException'> (0x00000000f2d27710) thrown at [C:\re\workspace\8-2-build-windows-amd64-cygwin\jdk8u11\648\hotspot\src\share\vm\prims\jvm.cpp, line 1248]
Event: 40.753 Thread 0x0000000059479000 Exception <a 'java/security/PrivilegedActionException'> (0x00000000f2d2c5a0) thrown at [C:\re\workspace\8-2-build-windows-amd64-cygwin\jdk8u11\648\hotspot\src\share\vm\prims\jvm.cpp, line 1248]
Event: 40.755 Thread 0x0000000059479000 Exception <a 'java/security/PrivilegedActionException'> (0x00000000f2d4a2f8) thrown at [C:\re\workspace\8-2-build-windows-amd64-cygwin\jdk8u11\648\hotspot\src\share\vm\prims\jvm.cpp, line 1248]
Event: 40.755 Thread 0x0000000059479000 Exception <a 'java/security/PrivilegedActionException'> (0x00000000f2d4e208) thrown at [C:\re\workspace\8-2-build-windows-amd64-cygwin\jdk8u11\648\hotspot\src\share\vm\prims\jvm.cpp, line 1248]
Event: 40.756 Thread 0x0000000059479000 Exception <a 'java/security/PrivilegedActionException'> (0x00000000f2d5d0b0) thrown at [C:\re\workspace\8-2-build-windows-amd64-cygwin\jdk8u11\648\hotspot\src\share\vm\prims\jvm.cpp, line 1248]
Event: 40.757 Thread 0x0000000059479000 Exception <a 'java/security/PrivilegedActionException'> (0x00000000f2d6faf8) thrown at [C:\re\workspace\8-2-build-windows-amd64-cygwin\jdk8u11\648\hotspot\src\share\vm\prims\jvm.cpp, line 1248]
Event: 40.757 Thread 0x0000000059479000 Exception <a 'java/security/PrivilegedActionException'> (0x00000000f2d73a08) thrown at [C:\re\workspace\8-2-build-windows-amd64-cygwin\jdk8u11\648\hotspot\src\share\vm\prims\jvm.cpp, line 1248]

Events (10 events):
Event: 40.750 loading class groovyx/gpars/scheduler/DefaultPool
Event: 40.750 loading class groovyx/gpars/scheduler/DefaultPool done
Event: 40.752 loading class groovyx/gpars/scheduler/Pool
Event: 40.752 loading class groovyx/gpars/scheduler/Pool done
Event: 40.753 loading class groovy/runtime/metaclass/org/grails/async/factory/gpars/LoggingPoolFactoryMetaClass
Event: 40.753 loading class groovy/runtime/metaclass/org/grails/async/factory/gpars/LoggingPoolFactoryMetaClass done
Event: 40.755 loading class org/grails/async/factory/gpars/LoggingPoolFactoryBeanInfo
Event: 40.755 loading class org/grails/async/factory/gpars/LoggingPoolFactoryBeanInfo done
Event: 40.757 loading class org/grails/async/factory/gpars/LoggingPoolFactoryBeanInfo
Event: 40.757 loading class org/grails/async/factory/gpars/LoggingPoolFactoryBeanInfo done


Dynamic libraries:
0x000000013f5b0000 - 0x000000013f5e4000 	C:\Program Files\Java\jdk1.8.0_11\bin\java.exe
0x0000000076f20000 - 0x00000000770c9000 	C:\Windows\SYSTEM32\ntdll.dll
0x0000000076e00000 - 0x0000000076f1f000 	C:\Windows\system32\kernel32.dll
0x000007fefd020000 - 0x000007fefd08c000 	C:\Windows\system32\KERNELBASE.dll
0x000007fefd340000 - 0x000007fefd41b000 	C:\Windows\system32\ADVAPI32.dll
0x000007fefeba0000 - 0x000007fefec3f000 	C:\Windows\system32\msvcrt.dll
0x000007fefd950000 - 0x000007fefd96f000 	C:\Windows\SYSTEM32\sechost.dll
0x000007fefd210000 - 0x000007fefd33d000 	C:\Windows\system32\RPCRT4.dll
0x0000000076d00000 - 0x0000000076dfa000 	C:\Windows\system32\USER32.dll
0x000007fefd420000 - 0x000007fefd487000 	C:\Windows\system32\GDI32.dll
0x000007fefeb60000 - 0x000007fefeb6e000 	C:\Windows\system32\LPK.dll
0x000007fefd760000 - 0x000007fefd829000 	C:\Windows\system32\USP10.dll
0x000007fefb2a0000 - 0x000007fefb494000 	C:\Windows\WinSxS\amd64_microsoft.windows.common-controls_6595b64144ccf1df_6.0.7601.18837_none_fa3b1e3d17594757\COMCTL32.dll
0x000007fefd6e0000 - 0x000007fefd751000 	C:\Windows\system32\SHLWAPI.dll
0x000007fefeb70000 - 0x000007fefeb9e000 	C:\Windows\system32\IMM32.DLL
0x000007fefec40000 - 0x000007fefed49000 	C:\Windows\system32\MSCTF.dll
0x000007fefccb0000 - 0x000007fefccdf000 	C:\Windows\system32\nvinitx.dll
0x00000000604a0000 - 0x0000000060572000 	C:\Program Files\Java\jdk1.8.0_11\jre\bin\msvcr100.dll
0x000000005d220000 - 0x000000005da4a000 	C:\Program Files\Java\jdk1.8.0_11\jre\bin\server\jvm.dll
0x000007fef9ca0000 - 0x000007fef9ca9000 	C:\Windows\system32\WSOCK32.dll
0x000007feff000000 - 0x000007feff04d000 	C:\Windows\system32\WS2_32.dll
0x000007fefeb50000 - 0x000007fefeb58000 	C:\Windows\system32\NSI.dll
0x000007fefaca0000 - 0x000007fefacdb000 	C:\Windows\system32\WINMM.dll
0x00000000770e0000 - 0x00000000770e7000 	C:\Windows\system32\PSAPI.DLL
0x0000000074920000 - 0x000000007492f000 	C:\Program Files\Java\jdk1.8.0_11\jre\bin\verify.dll
0x0000000067870000 - 0x0000000067898000 	C:\Program Files\Java\jdk1.8.0_11\jre\bin\java.dll
0x0000000066e80000 - 0x0000000066ea3000 	C:\Program Files\Java\jdk1.8.0_11\jre\bin\instrument.dll
0x0000000074900000 - 0x0000000074916000 	C:\Program Files\Java\jdk1.8.0_11\jre\bin\zip.dll
0x000007fefd970000 - 0x000007fefe6f9000 	C:\Windows\system32\SHELL32.dll
0x000007fefe940000 - 0x000007fefeb43000 	C:\Windows\system32\ole32.dll
0x000007fefcce0000 - 0x000007fefccef000 	C:\Windows\system32\profapi.dll
0x000007fefc580000 - 0x000007fefc598000 	C:\Windows\system32\CRYPTSP.dll
0x000007fefc280000 - 0x000007fefc2c7000 	C:\Windows\system32\rsaenh.dll
0x000007fefbfb0000 - 0x000007fefbfce000 	C:\Windows\system32\USERENV.dll
0x000007fefcbe0000 - 0x000007fefcbef000 	C:\Windows\system32\CRYPTBASE.dll
0x0000000066e60000 - 0x0000000066e7a000 	C:\Program Files\Java\jdk1.8.0_11\jre\bin\net.dll
0x000007fefc520000 - 0x000007fefc575000 	C:\Windows\system32\mswsock.dll
0x000007fefc510000 - 0x000007fefc517000 	C:\Windows\System32\wship6.dll
0x000007fefab50000 - 0x000007fefab77000 	C:\Windows\system32\IPHLPAPI.DLL
0x000007fefab30000 - 0x000007fefab3b000 	C:\Windows\system32\WINNSI.DLL
0x000007fefa8e0000 - 0x000007fefa8f8000 	C:\Windows\system32\dhcpcsvc.DLL
0x000007fefa8c0000 - 0x000007fefa8d1000 	C:\Windows\system32\dhcpcsvc6.DLL
0x0000000066e40000 - 0x0000000066e51000 	C:\Program Files\Java\jdk1.8.0_11\jre\bin\nio.dll
0x000007fefa160000 - 0x000007fefa16a000 	C:\Users\Damperius\AppData\Local\Temp\jansi-64-4092101808918284041.dll
0x000000006cb90000 - 0x000000006cb9d000 	C:\Program Files\Java\jdk1.8.0_11\jre\bin\management.dll
0x000007fefbe70000 - 0x000007fefbe77000 	C:\Windows\System32\wshtcpip.dll
0x000007fefc3a0000 - 0x000007fefc3fb000 	C:\Windows\system32\DNSAPI.dll
0x000007fef70f0000 - 0x000007fef711f000 	C:\Program Files\Common Files\Microsoft Shared\Windows Live\WLIDNSP.DLL
0x000007fef70e0000 - 0x000007fef70e8000 	C:\Windows\system32\rasadhlp.dll
0x000007fefa960000 - 0x000007fefa9b3000 	C:\Windows\System32\fwpuclnt.dll
0x000007fefb0a0000 - 0x000007fefb0b5000 	C:\Windows\system32\NLAapi.dll
0x000007fef6360000 - 0x000007fef6375000 	C:\Windows\system32\napinsp.dll
0x000007fef5fe0000 - 0x000007fef5ff9000 	C:\Windows\system32\pnrpnsp.dll
0x000007fef5fd0000 - 0x000007fef5fdb000 	C:\Windows\System32\winrnr.dll
0x000007fef5fc0000 - 0x000007fef5fd0000 	C:\Windows\system32\wshbth.dll
0x000007fef9900000 - 0x000007fef9a25000 	C:\Windows\system32\dbghelp.dll

VM Arguments:
jvm_args: -Dfile.encoding=UTF-8 -Xmx768M -Xms64M -Dgrails.fork.parent.process.port=53490 -Dgrails.fork.active=true -Dgrails.build.execution.context=C:\Users\Damperius\AppData\Local\Temp\ver615741526035367497grails-execution-context -Dgrails.home=C:\grails\grails-2.4.4 -javaagent:C:\grails\grails-2.4.4\lib\org.springframework\springloaded\jars\springloaded-1.2.1.RELEASE.jar -Xverify:none -Dspringloaded.synchronize=true -Djdk.reflect.allowGetCallerClass=true -Dspringloaded=profile=grails;cacheDir=C:\Users\Damperius\.grails\2.4.4 
java_command: org.grails.plugins.tomcat.fork.ForkedTomcatServer
java_class_path (initial): C:\Program Files\Java\jdk1.8.0_11\lib\tools.jar;C:\grails\grails-2.4.4\lib\org.codehaus.groovy\groovy-all\jars\groovy-all-2.3.7.jar;C:\grails\grails-2.4.4\lib\org.slf4j\jcl-over-slf4j\jars\jcl-over-slf4j-1.7.5.jar;C:\grails\grails-2.4.4\lib\org.codehaus.gant\gant_groovy1.8\jars\gant_groovy1.8-1.9.6.jar;C:\grails\grails-2.4.4\lib\org.apache.tomcat.embed\tomcat-embed-logging-log4j\jars\tomcat-embed-logging-log4j-7.0.50.jar;C:\grails\grails-2.4.4\dist\grails-plugin-log4j-2.4.4.jar;C:\grails\grails-2.4.4\lib\log4j\log4j\jars\log4j-1.2.17.jar;C:\grails\grails-2.4.4\dist\grails-bootstrap-2.4.4.jar;C:\grails\grails-2.4.4\lib\org.slf4j\slf4j-api\jars\slf4j-api-1.7.5.jar;C:\grails\grails-2.4.4\lib\jline\jline\jars\jline-2.12.jar;C:\grails\grails-2.4.4\lib\org.apache.ant\ant\jars\ant-1.8.4.jar;C:\grails\grails-2.4.4\lib\org.apache.ant\ant-launcher\jars\ant-launcher-1.8.4.jar;C:\grails\grails-2.4.4\lib\org.apache.ant\ant-trax\jars\ant-trax-1.7.1.jar;C:\grails\grails-2.4.4\lib\org.apache.ant\ant-junit\jars\ant-junit-1.8.4.jar;C:\grails\grails-2.4.4\lib\org.apache.ivy\ivy\jars\ivy-2.3.0.jar;C:\grails\grails-2.4.4\lib\org.fusesource.jansi\jansi\jars\jansi-1.11.jar;C:\Users\Damperius\.m2\repository\org\apache\tomcat\tomcat-catalina-ant\7.0.55\tomcat-catalina-ant-7.0.55.jar;C:\Users\Damperius\.m2\repository\org\apache\tomcat\embed\tomcat-embed-jasper\7.0.55\tomcat-embed-jasper-7.0.55.jar;C:\Users\Damperius\.m2\repository\org\apache\tomcat\embed\tomcat-embed-el\7.0.55\tomcat-embed-el-7.0.55.jar;C:\Users\Damperius\.m2\repository\org\apache\tomcat\embed\tomcat-embed-logging-log4j\7.0.55\tomcat-embed-logging-log4j-7.0.55.jar;C:\Users\Damperius\.m2\repository\org\apache\tomcat\embed\tomcat-embed-websocket\7.0.55\tomcat-embed-websocket-7.0.55.jar;C:\Users\Damperius\.m2\repository\org\apache\tomcat\embed\tomcat-embed-core\7.0.55\tomcat-embed-core-7.0.55.jar;C:\Users\Damperius\.m2\repository\org\eclipse\jdt\core\compiler\ecj\3.7.2\ecj-3.7.2.jar;C:\Users\Damperi
Launcher Type: SUN_STANDARD

Environment Variables:
JAVA_HOME=C:\Program Files\Java\jdk1.8.0_11
CLASSPATH=C:\Users\Damperius\Downloads\ANTLR\antlr-4.5-complete.jar
PATH=C:\Program Files\Common Files\Microsoft Shared\Windows Live;C:\Program Files (x86)\Common Files\Microsoft Shared\Windows Live;C:\Program Files (x86)\NVIDIA Corporation\PhysX\Common;C:\Windows\system32;C:\Windows;C:\Windows\System32\Wbem;C:\Windows\System32\WindowsPowerShell\v1.0\;C:\Program Files\Broadcom\Broadcom 802.11 Network Adapter\Driver;C:\Program Files\WIDCOMM\Bluetooth Software\;C:\Program Files\WIDCOMM\Bluetooth Software\syswow64;C:\Program Files\MATLAB\R2014a\runtime\win64;C:\Program Files\MATLAB\R2014a\bin;C:\Program Files\MATLAB\R2014a\polyspace\bin;C:\Program Files (x86)\Windows Live\Shared;C:\Program Files\Java\jdk1.8.0_11\bin;C:\grails\grails-2.4.4\bin;C:\Program Files (x86)\Git\cmd;C:\Program Files (x86)\Git\bin;C:\Program Files\mingw-w64\x86_64-4.9.2-posix-seh-rt_v4-rev2\mingw64\bin;C:\Users\Damperius\Downloads\ANTLR\antlr-4.5-complete.jar;.;;.;;.;
USERNAME=Damperius
OS=Windows_NT
PROCESSOR_IDENTIFIER=Intel64 Family 6 Model 37 Stepping 5, GenuineIntel



---------------  S Y S T E M  ---------------

OS: Windows 7 , 64 bit Build 7601 Service Pack 1

CPU:total 4 (2 cores per cpu, 2 threads per core) family 6 model 37 stepping 5, cmov, cx8, fxsr, mmx, sse, sse2, sse3, ssse3, sse4.1, sse4.2, popcnt, ht, tsc, tscinvbit

Memory: 4k page, physical 3985908k(539324k free), swap 7969980k(2129764k free)

vm_info: Java HotSpot(TM) 64-Bit Server VM (25.11-b03) for windows-amd64 JRE (1.8.0_11-b12), built on Jun 16 2014 20:57:32 by "java_re" with MS VC++ 10.0 (VS2010)

time: Sun Jun 14 18:16:20 2015
elapsed time: 40 seconds

