#
# A fatal error has been detected by the Java Runtime Environment:
#
#  EXCEPTION_ACCESS_VIOLATION (0xc0000005) at pc=0x0000000057a14db2, pid=3440, tid=7204
#
# JRE version: Java(TM) SE Runtime Environment (8.0_11-b12) (build 1.8.0_11-b12)
# Java VM: Java HotSpot(TM) 64-Bit Server VM (25.11-b03 mixed mode windows-amd64 compressed oops)
# Problematic frame:
# V  [jvm.dll+0x424db2]
#
# Failed to write core dump. Minidumps are not enabled by default on client versions of Windows
#
# If you would like to submit a bug report, please visit:
#   http://bugreport.sun.com/bugreport/crash.jsp
#

---------------  T H R E A D  ---------------

Current thread (0x000000005619a000):  JavaThread "C2 CompilerThread0" daemon [_thread_in_native, id=7204, stack(0x00000000565a0000,0x00000000566a0000)]

siginfo: ExceptionCode=0xc0000005, reading address 0x0000000000000000

Registers:
RAX=0x000000005ba2c0b8, RBX=0x0000000000000640, RCX=0x0000000000000000, RDX=0x000000005bcd8600
RSP=0x000000005669c920, RBP=0x00000000000000c8, RSI=0x00000000000000c0, RDI=0x0000000000000000
R8 =0x00000000575f0000, R9 =0x000000005669cc40, R10=0x00000000ffffffff, R11=0x00000000561a28c0
R12=0x000000005ba2c830, R13=0x00000000587a3c78, R14=0x0000000000000008, R15=0x00000000587a3c78
RIP=0x0000000057a14db2, EFLAGS=0x0000000000010216

Top of Stack: (sp=0x000000005669c920)
0x000000005669c920:   00000000000000e9 000000005b86ecf0
0x000000005669c930:   000000005bcd73c0 000000005b86ecf0
0x000000005669c940:   0000000000000100 0000000000000640
0x000000005669c950:   0000000000000190 00000000000000c8
0x000000005669c960:   000000005d5bd6e0 000000005bcd94e0
0x000000005669c970:   00000000001fda88 000000005b86ecf0
0x000000005669c980:   000000005669cc40 000000005bcd94e0
0x000000005669c990:   0000000000000010 0000000000000004
0x000000005669c9a0:   000000005ba2c800 00000000000000e9
0x000000005669c9b0:   00000000587a3c78 0000000057a1598d
0x000000005669c9c0:   000000005ba2c800 000000000000002c
0x000000005669c9d0:   00000000000000e9 000000005669cc40
0x000000005669c9e0:   000000005bcd8600 0000000057a14bb8
0x000000005669c9f0:   000000005bcd94e0 0000000000000010
0x000000005669ca00:   0000000059c08e00 000000005669efb0
0x000000005669ca10:   0000000059c08d10 000000005ba2c800 

Instructions: (pc=0x0000000057a14db2)
0x0000000057a14d92:   c6 48 63 f0 48 03 f1 eb 04 48 83 ce ff 48 8b 84
0x0000000057a14da2:   24 a0 00 00 00 48 8b 40 08 48 8b 3c 03 48 8b cf
0x0000000057a14db2:   48 8b 07 ff 50 28 4c 8d 05 41 b2 bd ff 48 63 50
0x0000000057a14dc2:   10 4c 8b d8 48 8b ca 48 c1 e1 05 42 80 bc 01 c0 


Register to memory mapping:

RAX=0x000000005ba2c0b8 is an unknown value
RBX=0x0000000000000640 is an unknown value
RCX=0x0000000000000000 is an unknown value
RDX=0x000000005bcd8600 is an unknown value
RSP=0x000000005669c920 is pointing into the stack for thread: 0x000000005619a000
RBP=0x00000000000000c8 is an unknown value
RSI=0x00000000000000c0 is an unknown value
RDI=0x0000000000000000 is an unknown value
R8 =0x00000000575f0000 is an unknown value
R9 =0x000000005669cc40 is pointing into the stack for thread: 0x000000005619a000
R10=0x00000000ffffffff is an unknown value
R11=0x00000000561a28c0 is an unknown value
R12=0x000000005ba2c830 is an unknown value
R13=0x00000000587a3c78 is an unknown value
R14=0x0000000000000008 is an unknown value
R15=0x00000000587a3c78 is an unknown value


Stack: [0x00000000565a0000,0x00000000566a0000],  sp=0x000000005669c920,  free space=1010k
Native frames: (J=compiled Java code, j=interpreted, Vv=VM code, C=native code)
V  [jvm.dll+0x424db2]
V  [jvm.dll+0x42598d]
V  [jvm.dll+0x425ecf]
V  [jvm.dll+0x4c5a84]
V  [jvm.dll+0x4415bc]
V  [jvm.dll+0x443a29]
V  [jvm.dll+0x427722]
V  [jvm.dll+0x96982]
V  [jvm.dll+0x97173]
V  [jvm.dll+0x2234b4]
V  [jvm.dll+0x27bcca]
C  [msvcr100.dll+0x21d9f]
C  [msvcr100.dll+0x21e3b]
C  [kernel32.dll+0x159cd]
C  [ntdll.dll+0x2b981]


Current CompileTask:
C2: 129209 6517       4       groovy.lang.MetaClassImpl::findPropertyMethod (356 bytes)


---------------  P R O C E S S  ---------------

Java Threads: ( => current thread )
  0x00000000598f8000 JavaThread "v.market.SecRole.data" daemon [_thread_blocked, id=6220, stack(0x000000005e7e0000,0x000000005e8e0000)]
  0x00000000586d1000 JavaThread "net.sf.ehcache.CacheManager@1a0cc62e" daemon [_thread_blocked, id=5260, stack(0x000000005f700000,0x000000005f800000)]
  0x000000005b740800 JavaThread "PoolCleaner[790021811:1434224894302]" daemon [_thread_blocked, id=6552, stack(0x000000005ef00000,0x000000005f000000)]
  0x0000000058e12800 JavaThread "FileSystemWatcher: files=#202 cl=groovy.lang.GroovyClassLoader@2f16c6b3" daemon [_thread_blocked, id=7596, stack(0x000000005c2f0000,0x000000005c3f0000)]
  0x0000000059a24000 JavaThread "localhost-startStop-1" daemon [_thread_in_native, id=7996, stack(0x000000005a5d0000,0x000000005a6d0000)]
  0x0000000059a23800 JavaThread "Tomcat-startStop-1" daemon [_thread_blocked, id=7512, stack(0x0000000055bd0000,0x0000000055cd0000)]
  0x0000000059553000 JavaThread "Thread-3" [_thread_in_native, id=7120, stack(0x000000005b060000,0x000000005b160000)]
  0x0000000058fc1000 JavaThread "Thread-2" [_thread_blocked, id=7592, stack(0x0000000059250000,0x0000000059350000)]
  0x00000000562fe800 JavaThread "NonBlockingInputStreamThread" daemon [_thread_blocked, id=7272, stack(0x0000000057490000,0x0000000057590000)]
  0x00000000562a2000 JavaThread "Service Thread" daemon [_thread_blocked, id=8012, stack(0x0000000055e70000,0x0000000055f70000)]
  0x00000000561df000 JavaThread "C1 CompilerThread2" daemon [_thread_blocked, id=1600, stack(0x00000000568d0000,0x00000000569d0000)]
  0x00000000561de000 JavaThread "C2 CompilerThread1" daemon [_thread_blocked, id=3916, stack(0x0000000056700000,0x0000000056800000)]
=>0x000000005619a000 JavaThread "C2 CompilerThread0" daemon [_thread_in_native, id=7204, stack(0x00000000565a0000,0x00000000566a0000)]
  0x0000000054986000 JavaThread "Attach Listener" daemon [_thread_blocked, id=7396, stack(0x0000000055fa0000,0x00000000560a0000)]
  0x0000000054982800 JavaThread "Signal Dispatcher" daemon [_thread_blocked, id=6940, stack(0x0000000055d30000,0x0000000055e30000)]
  0x0000000054927800 JavaThread "Finalizer" daemon [_thread_blocked, id=6876, stack(0x0000000055ad0000,0x0000000055bd0000)]
  0x000000005491c800 JavaThread "Reference Handler" daemon [_thread_blocked, id=8052, stack(0x0000000055880000,0x0000000055980000)]
  0x00000000022c8800 JavaThread "main" [_thread_blocked, id=7232, stack(0x0000000002540000,0x0000000002640000)]

Other Threads:
  0x0000000054919000 VMThread [stack: 0x00000000559b0000,0x0000000055ab0000] [id=4860]
  0x00000000562a5000 WatcherThread [stack: 0x0000000056a20000,0x0000000056b20000] [id=5556]

VM state:not at safepoint (normal execution)

VM Mutex/Monitor currently owned by a thread: None

Heap:
 PSYoungGen      total 239616K, used 94516K [0x00000000f0000000, 0x0000000100000000, 0x0000000100000000)
  eden space 222208K, 34% used [0x00000000f0000000,0x00000000f4ba1800,0x00000000fd900000)
  from space 17408K, 98% used [0x00000000fd900000,0x00000000fe9ab830,0x00000000fea00000)
  to   space 22016K, 0% used [0x00000000fea80000,0x00000000fea80000,0x0000000100000000)
 ParOldGen       total 109568K, used 94755K [0x00000000d0000000, 0x00000000d6b00000, 0x00000000f0000000)
  object space 109568K, 86% used [0x00000000d0000000,0x00000000d5c88d40,0x00000000d6b00000)
 Metaspace       used 63698K, capacity 65390K, committed 65664K, reserved 1107968K
  class space    used 6987K, capacity 7462K, committed 7552K, reserved 1048576K

Card table byte_map: [0x0000000011cd0000,0x0000000011e60000] byte_map_base: 0x0000000011650000

Marking Bits: (ParMarkBitMap*) 0x0000000057da12b0
 Begin Bits: [0x0000000012790000, 0x0000000013390000)
 End Bits:   [0x0000000013390000, 0x0000000013f90000)

Polling page: 0x0000000000140000

CodeCache: size=245760Kb used=21668Kb max_used=22506Kb free=224091Kb
 bounds [0x0000000002910000, 0x0000000003f80000, 0x0000000011910000]
 total_blobs=6092 nmethods=5331 adapters=671
 compilation: enabled

Compilation events (10 events):
Event: 128.534 Thread 0x00000000561de000 nmethod 6524 0x0000000002d45690 code [0x0000000002d45900, 0x0000000002d47480]
Event: 128.534 Thread 0x00000000561de000 6529       4       org.codehaus.groovy.reflection.ParameterTypes::coerceArgumentsToClasses (55 bytes)
Event: 128.567 Thread 0x00000000561de000 nmethod 6529 0x0000000002a89310 code [0x0000000002a894e0, 0x0000000002a8a000]
Event: 128.567 Thread 0x00000000561de000 6521       4       org.codehaus.groovy.reflection.ParameterTypes::correctArguments (79 bytes)
Event: 128.587 Thread 0x00000000561de000 nmethod 6521 0x00000000037be4d0 code [0x00000000037be680, 0x00000000037bf0e0]
Event: 128.588 Thread 0x00000000561de000 6510       4       groovy.lang.MetaClassImpl$1MOPIter::methodNameAction (482 bytes)
Event: 128.746 Thread 0x00000000561df000 6532       3       org.codehaus.groovy.runtime.metaclass.MetaMethodIndex::addMethodToList (290 bytes)
Event: 128.749 Thread 0x00000000561df000 nmethod 6532 0x0000000002d82a50 code [0x0000000002d82de0, 0x0000000002d84de8]
Event: 128.749 Thread 0x00000000561df000 6533       3       groovy.lang.ExpandoMetaClass::getExpandoMethods (16 bytes)
Event: 128.749 Thread 0x00000000561df000 nmethod 6533 0x0000000002f33f90 code [0x0000000002f34160, 0x0000000002f347d8]

GC Heap History (10 events):
Event: 116.894 GC heap before
{Heap before GC invocations=47 (full 5):
 PSYoungGen      total 247808K, used 242629K [0x00000000f0000000, 0x0000000100000000, 0x0000000100000000)
  eden space 235008K, 100% used [0x00000000f0000000,0x00000000fe580000,0x00000000fe580000)
  from space 12800K, 59% used [0x00000000fe580000,0x00000000fecf14e0,0x00000000ff200000)
  to   space 12800K, 0% used [0x00000000ff380000,0x00000000ff380000,0x0000000100000000)
 ParOldGen       total 94208K, used 78052K [0x00000000d0000000, 0x00000000d5c00000, 0x00000000f0000000)
  object space 94208K, 82% used [0x00000000d0000000,0x00000000d4c39070,0x00000000d5c00000)
 Metaspace       used 58869K, capacity 60504K, committed 60928K, reserved 1103872K
  class space    used 6365K, capacity 6823K, committed 6912K, reserved 1048576K
Event: 117.307 GC heap after
Heap after GC invocations=47 (full 5):
 PSYoungGen      total 243200K, used 12768K [0x00000000f0000000, 0x0000000100000000, 0x0000000100000000)
  eden space 230400K, 0% used [0x00000000f0000000,0x00000000f0000000,0x00000000fe100000)
  from space 12800K, 99% used [0x00000000ff380000,0x00000000ffff8020,0x0000000100000000)
  to   space 15872K, 0% used [0x00000000fe100000,0x00000000fe100000,0x00000000ff080000)
 ParOldGen       total 94208K, used 79796K [0x00000000d0000000, 0x00000000d5c00000, 0x00000000f0000000)
  object space 94208K, 84% used [0x00000000d0000000,0x00000000d4ded318,0x00000000d5c00000)
 Metaspace       used 58869K, capacity 60504K, committed 60928K, reserved 1103872K
  class space    used 6365K, capacity 6823K, committed 6912K, reserved 1048576K
}
Event: 120.283 GC heap before
{Heap before GC invocations=48 (full 5):
 PSYoungGen      total 243200K, used 240899K [0x00000000f0000000, 0x0000000100000000, 0x0000000100000000)
  eden space 230400K, 99% used [0x00000000f0000000,0x00000000fdec8ce8,0x00000000fe100000)
  from space 12800K, 99% used [0x00000000ff380000,0x00000000ffff8020,0x0000000100000000)
  to   space 15872K, 0% used [0x00000000fe100000,0x00000000fe100000,0x00000000ff080000)
 ParOldGen       total 94208K, used 79796K [0x00000000d0000000, 0x00000000d5c00000, 0x00000000f0000000)
  object space 94208K, 84% used [0x00000000d0000000,0x00000000d4ded318,0x00000000d5c00000)
 Metaspace       used 60244K, capacity 61906K, committed 62336K, reserved 1103872K
  class space    used 6520K, capacity 6991K, committed 7040K, reserved 1048576K
Event: 120.385 GC heap after
Heap after GC invocations=48 (full 5):
 PSYoungGen      total 246272K, used 15856K [0x00000000f0000000, 0x0000000100000000, 0x0000000100000000)
  eden space 230400K, 0% used [0x00000000f0000000,0x00000000f0000000,0x00000000fe100000)
  from space 15872K, 99% used [0x00000000fe100000,0x00000000ff07c300,0x00000000ff080000)
  to   space 15872K, 0% used [0x00000000ff080000,0x00000000ff080000,0x0000000100000000)
 ParOldGen       total 94208K, used 84526K [0x00000000d0000000, 0x00000000d5c00000, 0x00000000f0000000)
  object space 94208K, 89% used [0x00000000d0000000,0x00000000d528bb78,0x00000000d5c00000)
 Metaspace       used 60244K, capacity 61906K, committed 62336K, reserved 1103872K
  class space    used 6520K, capacity 6991K, committed 7040K, reserved 1048576K
}
Event: 120.385 GC heap before
{Heap before GC invocations=49 (full 6):
 PSYoungGen      total 246272K, used 15856K [0x00000000f0000000, 0x0000000100000000, 0x0000000100000000)
  eden space 230400K, 0% used [0x00000000f0000000,0x00000000f0000000,0x00000000fe100000)
  from space 15872K, 99% used [0x00000000fe100000,0x00000000ff07c300,0x00000000ff080000)
  to   space 15872K, 0% used [0x00000000ff080000,0x00000000ff080000,0x0000000100000000)
 ParOldGen       total 94208K, used 84526K [0x00000000d0000000, 0x00000000d5c00000, 0x00000000f0000000)
  object space 94208K, 89% used [0x00000000d0000000,0x00000000d528bb78,0x00000000d5c00000)
 Metaspace       used 60244K, capacity 61906K, committed 62336K, reserved 1103872K
  class space    used 6520K, capacity 6991K, committed 7040K, reserved 1048576K
Event: 122.528 GC heap after
Heap after GC invocations=49 (full 6):
 PSYoungGen      total 246272K, used 3552K [0x00000000f0000000, 0x0000000100000000, 0x0000000100000000)
  eden space 230400K, 0% used [0x00000000f0000000,0x00000000f0000000,0x00000000fe100000)
  from space 15872K, 22% used [0x00000000fe100000,0x00000000fe478130,0x00000000ff080000)
  to   space 15872K, 0% used [0x00000000ff080000,0x00000000ff080000,0x0000000100000000)
 ParOldGen       total 109568K, used 94059K [0x00000000d0000000, 0x00000000d6b00000, 0x00000000f0000000)
  object space 109568K, 85% used [0x00000000d0000000,0x00000000d5bdad40,0x00000000d6b00000)
 Metaspace       used 60244K, capacity 61906K, committed 62336K, reserved 1103872K
  class space    used 6520K, capacity 6991K, committed 7040K, reserved 1048576K
}
Event: 125.253 GC heap before
{Heap before GC invocations=50 (full 6):
 PSYoungGen      total 246272K, used 233952K [0x00000000f0000000, 0x0000000100000000, 0x0000000100000000)
  eden space 230400K, 100% used [0x00000000f0000000,0x00000000fe100000,0x00000000fe100000)
  from space 15872K, 22% used [0x00000000fe100000,0x00000000fe478130,0x00000000ff080000)
  to   space 15872K, 0% used [0x00000000ff080000,0x00000000ff080000,0x0000000100000000)
 ParOldGen       total 109568K, used 94059K [0x00000000d0000000, 0x00000000d6b00000, 0x00000000f0000000)
  object space 109568K, 85% used [0x00000000d0000000,0x00000000d5bdad40,0x00000000d6b00000)
 Metaspace       used 61568K, capacity 63230K, committed 63488K, reserved 1105920K
  class space    used 6661K, capacity 7132K, committed 7168K, reserved 1048576K
Event: 125.312 GC heap after
Heap after GC invocations=50 (full 6):
 PSYoungGen      total 238080K, used 9428K [0x00000000f0000000, 0x0000000100000000, 0x0000000100000000)
  eden space 222208K, 0% used [0x00000000f0000000,0x00000000f0000000,0x00000000fd900000)
  from space 15872K, 59% used [0x00000000ff080000,0x00000000ff9b5398,0x0000000100000000)
  to   space 19968K, 0% used [0x00000000fd900000,0x00000000fd900000,0x00000000fec80000)
 ParOldGen       total 109568K, used 94747K [0x00000000d0000000, 0x00000000d6b00000, 0x00000000f0000000)
  object space 109568K, 86% used [0x00000000d0000000,0x00000000d5c86d40,0x00000000d6b00000)
 Metaspace       used 61568K, capacity 63230K, committed 63488K, reserved 1105920K
  class space    used 6661K, capacity 7132K, committed 7168K, reserved 1048576K
}
Event: 127.948 GC heap before
{Heap before GC invocations=51 (full 6):
 PSYoungGen      total 238080K, used 230633K [0x00000000f0000000, 0x0000000100000000, 0x0000000100000000)
  eden space 222208K, 99% used [0x00000000f0000000,0x00000000fd8052f0,0x00000000fd900000)
  from space 15872K, 59% used [0x00000000ff080000,0x00000000ff9b5398,0x0000000100000000)
  to   space 19968K, 0% used [0x00000000fd900000,0x00000000fd900000,0x00000000fec80000)
 ParOldGen       total 109568K, used 94747K [0x00000000d0000000, 0x00000000d6b00000, 0x00000000f0000000)
  object space 109568K, 86% used [0x00000000d0000000,0x00000000d5c86d40,0x00000000d6b00000)
 Metaspace       used 63232K, capacity 64964K, committed 65280K, reserved 1107968K
  class space    used 6904K, capacity 7389K, committed 7424K, reserved 1048576K
Event: 127.982 GC heap after
Heap after GC invocations=51 (full 6):
 PSYoungGen      total 239616K, used 17070K [0x00000000f0000000, 0x0000000100000000, 0x0000000100000000)
  eden space 222208K, 0% used [0x00000000f0000000,0x00000000f0000000,0x00000000fd900000)
  from space 17408K, 98% used [0x00000000fd900000,0x00000000fe9ab830,0x00000000fea00000)
  to   space 22016K, 0% used [0x00000000fea80000,0x00000000fea80000,0x0000000100000000)
 ParOldGen       total 109568K, used 94755K [0x00000000d0000000, 0x00000000d6b00000, 0x00000000f0000000)
  object space 109568K, 86% used [0x00000000d0000000,0x00000000d5c88d40,0x00000000d6b00000)
 Metaspace       used 63232K, capacity 64964K, committed 65280K, reserved 1107968K
  class space    used 6904K, capacity 7389K, committed 7424K, reserved 1048576K
}

Deoptimization events (10 events):
Event: 125.807 Thread 0x0000000059a24000 Uncommon trap: reason=class_check action=maybe_recompile pc=0x0000000003e7bb00 method=org.springframework.transaction.interceptor.TransactionAttributeSourcePointcut.matches(Ljava/lang/reflect/Method;Ljava/lang/Class;)Z @ 12
Event: 127.169 Thread 0x0000000059a24000 Uncommon trap: reason=unreached action=reinterpret pc=0x000000000385e66c method=org.springframework.util.ObjectUtils.nullSafeEquals(Ljava/lang/Object;Ljava/lang/Object;)Z @ 8
Event: 128.488 Thread 0x0000000059a24000 Uncommon trap: reason=class_check action=maybe_recompile pc=0x0000000002ec6c38 method=groovy.lang.MetaClassImpl.checkIfStdMethod(Lgroovy/lang/MetaMethod;)V @ 123
Event: 128.488 Thread 0x0000000059a24000 Uncommon trap: reason=class_check action=maybe_recompile pc=0x0000000002ec6c20 method=groovy.lang.MetaClassImpl.checkIfStdMethod(Lgroovy/lang/MetaMethod;)V @ 60
Event: 128.488 Thread 0x0000000059a24000 Uncommon trap: reason=class_check action=maybe_recompile pc=0x0000000002ec6c20 method=groovy.lang.MetaClassImpl.checkIfStdMethod(Lgroovy/lang/MetaMethod;)V @ 60
Event: 128.530 Thread 0x0000000059a24000 Uncommon trap: reason=class_check action=maybe_recompile pc=0x0000000002ec6bf4 method=groovy.lang.MetaClassImpl.isGenericGetMethod(Lgroovy/lang/MetaMethod;)Z @ 14
Event: 128.542 Thread 0x0000000059a24000 Uncommon trap: reason=class_check action=maybe_recompile pc=0x0000000002ec6c14 method=org.codehaus.groovy.runtime.MetaClassHelper.isGenericSetMethod(Lgroovy/lang/MetaMethod;)Z @ 14
Event: 128.545 Thread 0x0000000059a24000 Uncommon trap: reason=class_check action=maybe_recompile pc=0x0000000002ec6bf4 method=groovy.lang.MetaClassImpl.isGenericGetMethod(Lgroovy/lang/MetaMethod;)Z @ 14
Event: 128.546 Thread 0x0000000059a24000 Uncommon trap: reason=class_check action=maybe_recompile pc=0x0000000002ec6c14 method=org.codehaus.groovy.runtime.MetaClassHelper.isGenericSetMethod(Lgroovy/lang/MetaMethod;)Z @ 14
Event: 128.742 Thread 0x0000000059a24000 Uncommon trap: reason=unreached action=reinterpret pc=0x0000000003c64948 method=org.codehaus.groovy.runtime.metaclass.MetaMethodIndex.isNonRealMethod(Lgroovy/lang/MetaMethod;)Z @ 32

Internal exceptions (10 events):
Event: 128.768 Thread 0x0000000059a24000 Exception <a 'java/security/PrivilegedActionException'> (0x00000000f340daa8) thrown at [C:\re\workspace\8-2-build-windows-amd64-cygwin\jdk8u11\648\hotspot\src\share\vm\prims\jvm.cpp, line 1248]
Event: 128.768 Thread 0x0000000059a24000 Exception <a 'java/security/PrivilegedActionException'> (0x00000000f34127f0) thrown at [C:\re\workspace\8-2-build-windows-amd64-cygwin\jdk8u11\648\hotspot\src\share\vm\prims\jvm.cpp, line 1248]
Event: 128.768 Thread 0x0000000059a24000 Exception <a 'java/security/PrivilegedActionException'> (0x00000000f3424ef0) thrown at [C:\re\workspace\8-2-build-windows-amd64-cygwin\jdk8u11\648\hotspot\src\share\vm\prims\jvm.cpp, line 1248]
Event: 128.770 Thread 0x0000000059a24000 Exception <a 'java/security/PrivilegedActionException'> (0x00000000f343c130) thrown at [C:\re\workspace\8-2-build-windows-amd64-cygwin\jdk8u11\648\hotspot\src\share\vm\prims\jvm.cpp, line 1248]
Event: 128.770 Thread 0x0000000059a24000 Exception <a 'java/security/PrivilegedActionException'> (0x00000000f3440e78) thrown at [C:\re\workspace\8-2-build-windows-amd64-cygwin\jdk8u11\648\hotspot\src\share\vm\prims\jvm.cpp, line 1248]
Event: 128.771 Thread 0x0000000059a24000 Exception <a 'java/security/PrivilegedActionException'> (0x00000000f3453578) thrown at [C:\re\workspace\8-2-build-windows-amd64-cygwin\jdk8u11\648\hotspot\src\share\vm\prims\jvm.cpp, line 1248]
Event: 128.772 Thread 0x0000000059a24000 Exception <a 'java/security/PrivilegedActionException'> (0x00000000f347bea0) thrown at [C:\re\workspace\8-2-build-windows-amd64-cygwin\jdk8u11\648\hotspot\src\share\vm\prims\jvm.cpp, line 1248]
Event: 128.772 Thread 0x0000000059a24000 Exception <a 'java/lang/ClassNotFoundException': org/codehaus/groovy/grails/commons/DefaultGrailsDomainClassPropertyCustomizer> (0x00000000f347cdf0) thrown at [C:\re\workspace\8-2-build-windows-amd64-cygwin\jdk8u11\648\hotspot\src\share\vm\classfile\system4ñÅYº`@
Event: 128.773 Thread 0x0000000059a24000 Exception <a 'java/security/PrivilegedActionException'> (0x00000000f34b44f8) thrown at [C:\re\workspace\8-2-build-windows-amd64-cygwin\jdk8u11\648\hotspot\src\share\vm\prims\jvm.cpp, line 1248]
Event: 128.773 Thread 0x0000000059a24000 Exception <a 'java/security/PrivilegedActionException'> (0x00000000f34b9668) thrown at [C:\re\workspace\8-2-build-windows-amd64-cygwin\jdk8u11\648\hotspot\src\share\vm\prims\jvm.cpp, line 1248]

Events (10 events):
Event: 128.767 loading class org/codehaus/groovy/grails/commons/DefaultGrailsDomainClassPropertyBeanInfo
Event: 128.767 loading class org/codehaus/groovy/grails/commons/DefaultGrailsDomainClassPropertyBeanInfo done
Event: 128.767 loading class org/codehaus/groovy/grails/commons/DefaultGrailsDomainClassPropertyCustomizer
Event: 128.767 loading class org/codehaus/groovy/grails/commons/DefaultGrailsDomainClassPropertyCustomizer done
Event: 128.770 loading class org/codehaus/groovy/grails/commons/DefaultGrailsDomainClassPropertyCustomizer
Event: 128.770 loading class org/codehaus/groovy/grails/commons/DefaultGrailsDomainClassPropertyCustomizer done
Event: 128.772 loading class org/codehaus/groovy/grails/commons/DefaultGrailsDomainClassPropertyCustomizer
Event: 128.772 loading class org/codehaus/groovy/grails/commons/DefaultGrailsDomainClassPropertyCustomizer done
Event: 128.773 loading class org/codehaus/groovy/grails/plugins/DomainClassGrailsPlugin$_enhanceDomainClasses_closure5
Event: 128.773 loading class org/codehaus/groovy/grails/plugins/DomainClassGrailsPlugin$_enhanceDomainClasses_closure5 done


Dynamic libraries:
0x000000013f240000 - 0x000000013f274000 	C:\Program Files\Java\jdk1.8.0_11\bin\java.exe
0x0000000077220000 - 0x00000000773c9000 	C:\Windows\SYSTEM32\ntdll.dll
0x0000000077000000 - 0x000000007711f000 	C:\Windows\system32\kernel32.dll
0x000007fefd350000 - 0x000007fefd3bc000 	C:\Windows\system32\KERNELBASE.dll
0x000007fefee70000 - 0x000007fefef4b000 	C:\Windows\system32\ADVAPI32.dll
0x000007fefdbe0000 - 0x000007fefdc7f000 	C:\Windows\system32\msvcrt.dll
0x000007fefd7c0000 - 0x000007fefd7df000 	C:\Windows\SYSTEM32\sechost.dll
0x000007fefea30000 - 0x000007fefeb5d000 	C:\Windows\system32\RPCRT4.dll
0x0000000077120000 - 0x000000007721a000 	C:\Windows\system32\USER32.dll
0x000007feff070000 - 0x000007feff0d7000 	C:\Windows\system32\GDI32.dll
0x000007fefd410000 - 0x000007fefd41e000 	C:\Windows\system32\LPK.dll
0x000007fefed40000 - 0x000007fefee09000 	C:\Windows\system32\USP10.dll
0x000007fefb270000 - 0x000007fefb464000 	C:\Windows\WinSxS\amd64_microsoft.windows.common-controls_6595b64144ccf1df_6.0.7601.18837_none_fa3b1e3d17594757\COMCTL32.dll
0x000007feff0e0000 - 0x000007feff151000 	C:\Windows\system32\SHLWAPI.dll
0x000007feff200000 - 0x000007feff22e000 	C:\Windows\system32\IMM32.DLL
0x000007fefd7e0000 - 0x000007fefd8e9000 	C:\Windows\system32\MSCTF.dll
0x000007fefcfb0000 - 0x000007fefcfdf000 	C:\Windows\system32\nvinitx.dll
0x000000005ad80000 - 0x000000005ae52000 	C:\Program Files\Java\jdk1.8.0_11\jre\bin\msvcr100.dll
0x00000000575f0000 - 0x0000000057e1a000 	C:\Program Files\Java\jdk1.8.0_11\jre\bin\server\jvm.dll
0x000007fef22e0000 - 0x000007fef22e9000 	C:\Windows\system32\WSOCK32.dll
0x000007feff230000 - 0x000007feff27d000 	C:\Windows\system32\WS2_32.dll
0x000007fefd7b0000 - 0x000007fefd7b8000 	C:\Windows\system32\NSI.dll
0x000007fefa7d0000 - 0x000007fefa80b000 	C:\Windows\system32\WINMM.dll
0x00000000773e0000 - 0x00000000773e7000 	C:\Windows\system32\PSAPI.DLL
0x00000000653e0000 - 0x00000000653ef000 	C:\Program Files\Java\jdk1.8.0_11\jre\bin\verify.dll
0x00000000653b0000 - 0x00000000653d8000 	C:\Program Files\Java\jdk1.8.0_11\jre\bin\java.dll
0x0000000065380000 - 0x00000000653a3000 	C:\Program Files\Java\jdk1.8.0_11\jre\bin\instrument.dll
0x0000000065360000 - 0x0000000065376000 	C:\Program Files\Java\jdk1.8.0_11\jre\bin\zip.dll
0x000007fefdca0000 - 0x000007fefea29000 	C:\Windows\system32\SHELL32.dll
0x000007fefd9d0000 - 0x000007fefdbd3000 	C:\Windows\system32\ole32.dll
0x000007fefcfe0000 - 0x000007fefcfef000 	C:\Windows\system32\profapi.dll
0x000007fefc880000 - 0x000007fefc898000 	C:\Windows\system32\CRYPTSP.dll
0x000007fefc580000 - 0x000007fefc5c7000 	C:\Windows\system32\rsaenh.dll
0x000007fefc2b0000 - 0x000007fefc2ce000 	C:\Windows\system32\USERENV.dll
0x000007fefcee0000 - 0x000007fefceef000 	C:\Windows\system32\CRYPTBASE.dll
0x0000000065340000 - 0x000000006535a000 	C:\Program Files\Java\jdk1.8.0_11\jre\bin\net.dll
0x000007fefc820000 - 0x000007fefc875000 	C:\Windows\system32\mswsock.dll
0x000007fefc810000 - 0x000007fefc817000 	C:\Windows\System32\wship6.dll
0x000007fefb830000 - 0x000007fefb857000 	C:\Windows\system32\IPHLPAPI.DLL
0x000007fefb810000 - 0x000007fefb81b000 	C:\Windows\system32\WINNSI.DLL
0x000007fefb0e0000 - 0x000007fefb0f8000 	C:\Windows\system32\dhcpcsvc.DLL
0x000007fefb0a0000 - 0x000007fefb0b1000 	C:\Windows\system32\dhcpcsvc6.DLL
0x0000000065320000 - 0x0000000065331000 	C:\Program Files\Java\jdk1.8.0_11\jre\bin\nio.dll
0x000007fefa150000 - 0x000007fefa15a000 	C:\Users\Damperius\AppData\Local\Temp\jansi-64-9079794063070364261.dll
0x000000005ad60000 - 0x000000005ad6d000 	C:\Program Files\Java\jdk1.8.0_11\jre\bin\management.dll
0x000007fefc170000 - 0x000007fefc177000 	C:\Windows\System32\wshtcpip.dll
0x000007fefc6a0000 - 0x000007fefc6fb000 	C:\Windows\system32\DNSAPI.dll
0x000007fefbaa0000 - 0x000007fefbacf000 	C:\Program Files\Common Files\Microsoft Shared\Windows Live\WLIDNSP.DLL
0x000007fefba90000 - 0x000007fefba98000 	C:\Windows\system32\rasadhlp.dll
0x000007fefb1b0000 - 0x000007fefb203000 	C:\Windows\System32\fwpuclnt.dll
0x000007fefb940000 - 0x000007fefb955000 	C:\Windows\system32\NLAapi.dll
0x000007fef0430000 - 0x000007fef0445000 	C:\Windows\system32\napinsp.dll
0x000007fef0330000 - 0x000007fef0349000 	C:\Windows\system32\pnrpnsp.dll
0x000007fef0320000 - 0x000007fef032b000 	C:\Windows\System32\winrnr.dll
0x000007fef2150000 - 0x000007fef2160000 	C:\Windows\system32\wshbth.dll
0x000007fef5020000 - 0x000007fef5145000 	C:\Windows\system32\dbghelp.dll

VM Arguments:
jvm_args: -Dfile.encoding=UTF-8 -Xmx768M -Xms64M -Dgrails.fork.parent.process.port=50231 -Dgrails.fork.active=true -Dgrails.build.execution.context=C:\Users\Damperius\AppData\Local\Temp\ver64715350192352523021grails-execution-context -Dgrails.home=C:\grails\grails-2.4.4 -javaagent:C:\grails\grails-2.4.4\lib\org.springframework\springloaded\jars\springloaded-1.2.1.RELEASE.jar -Xverify:none -Dspringloaded.synchronize=true -Djdk.reflect.allowGetCallerClass=true -Dspringloaded=profile=grails;cacheDir=C:\Users\Damperius\.grails\2.4.4 
java_command: org.grails.plugins.tomcat.fork.ForkedTomcatServer
java_class_path (initial): C:\Program Files\Java\jdk1.8.0_11\lib\tools.jar;C:\grails\grails-2.4.4\lib\org.codehaus.groovy\groovy-all\jars\groovy-all-2.3.7.jar;C:\grails\grails-2.4.4\lib\org.slf4j\jcl-over-slf4j\jars\jcl-over-slf4j-1.7.5.jar;C:\grails\grails-2.4.4\lib\org.codehaus.gant\gant_groovy1.8\jars\gant_groovy1.8-1.9.6.jar;C:\grails\grails-2.4.4\lib\org.apache.tomcat.embed\tomcat-embed-logging-log4j\jars\tomcat-embed-logging-log4j-7.0.50.jar;C:\grails\grails-2.4.4\dist\grails-plugin-log4j-2.4.4.jar;C:\grails\grails-2.4.4\lib\log4j\log4j\jars\log4j-1.2.17.jar;C:\grails\grails-2.4.4\dist\grails-bootstrap-2.4.4.jar;C:\grails\grails-2.4.4\lib\org.slf4j\slf4j-api\jars\slf4j-api-1.7.5.jar;C:\grails\grails-2.4.4\lib\jline\jline\jars\jline-2.12.jar;C:\grails\grails-2.4.4\lib\org.apache.ant\ant\jars\ant-1.8.4.jar;C:\grails\grails-2.4.4\lib\org.apache.ant\ant-launcher\jars\ant-launcher-1.8.4.jar;C:\grails\grails-2.4.4\lib\org.apache.ant\ant-trax\jars\ant-trax-1.7.1.jar;C:\grails\grails-2.4.4\lib\org.apache.ant\ant-junit\jars\ant-junit-1.8.4.jar;C:\grails\grails-2.4.4\lib\org.apache.ivy\ivy\jars\ivy-2.3.0.jar;C:\grails\grails-2.4.4\lib\org.fusesource.jansi\jansi\jars\jansi-1.11.jar;C:\Users\Damperius\.m2\repository\org\apache\tomcat\tomcat-catalina-ant\7.0.55\tomcat-catalina-ant-7.0.55.jar;C:\Users\Damperius\.m2\repository\org\apache\tomcat\embed\tomcat-embed-jasper\7.0.55\tomcat-embed-jasper-7.0.55.jar;C:\Users\Damperius\.m2\repository\org\apache\tomcat\embed\tomcat-embed-el\7.0.55\tomcat-embed-el-7.0.55.jar;C:\Users\Damperius\.m2\repository\org\apache\tomcat\embed\tomcat-embed-logging-log4j\7.0.55\tomcat-embed-logging-log4j-7.0.55.jar;C:\Users\Damperius\.m2\repository\org\apache\tomcat\embed\tomcat-embed-websocket\7.0.55\tomcat-embed-websocket-7.0.55.jar;C:\Users\Damperius\.m2\repository\org\apache\tomcat\embed\tomcat-embed-core\7.0.55\tomcat-embed-core-7.0.55.jar;C:\Users\Damperius\.m2\repository\org\eclipse\jdt\core\compiler\ecj\3.7.2\ecj-3.7.2.jar;C:\Users\Damperi
Launcher Type: SUN_STANDARD

Environment Variables:
JAVA_HOME=C:\Program Files\Java\jdk1.8.0_11
CLASSPATH=C:\Users\Damperius\Downloads\ANTLR\antlr-4.5-complete.jar
PATH=C:\Program Files\Common Files\Microsoft Shared\Windows Live;C:\Program Files (x86)\Common Files\Microsoft Shared\Windows Live;C:\Program Files (x86)\NVIDIA Corporation\PhysX\Common;C:\Windows\system32;C:\Windows;C:\Windows\System32\Wbem;C:\Windows\System32\WindowsPowerShell\v1.0\;C:\Program Files\Broadcom\Broadcom 802.11 Network Adapter\Driver;C:\Program Files\WIDCOMM\Bluetooth Software\;C:\Program Files\WIDCOMM\Bluetooth Software\syswow64;C:\Program Files\MATLAB\R2014a\runtime\win64;C:\Program Files\MATLAB\R2014a\bin;C:\Program Files\MATLAB\R2014a\polyspace\bin;C:\Program Files (x86)\Windows Live\Shared;C:\Program Files\Java\jdk1.8.0_11\bin;C:\grails\grails-2.4.4\bin;C:\Program Files (x86)\Git\cmd;C:\Program Files (x86)\Git\bin;C:\Program Files\mingw-w64\x86_64-4.9.2-posix-seh-rt_v4-rev2\mingw64\bin;C:\Users\Damperius\Downloads\ANTLR\antlr-4.5-complete.jar;.;;.;;.;
USERNAME=Damperius
OS=Windows_NT
PROCESSOR_IDENTIFIER=Intel64 Family 6 Model 37 Stepping 5, GenuineIntel



---------------  S Y S T E M  ---------------

OS: Windows 7 , 64 bit Build 7601 Service Pack 1

CPU:total 4 (2 cores per cpu, 2 threads per core) family 6 model 37 stepping 5, cmov, cx8, fxsr, mmx, sse, sse2, sse3, ssse3, sse4.1, sse4.2, popcnt, ht, tsc, tscinvbit

Memory: 4k page, physical 3985908k(200204k free), swap 7969980k(1727884k free)

vm_info: Java HotSpot(TM) 64-Bit Server VM (25.11-b03) for windows-amd64 JRE (1.8.0_11-b12), built on Jun 16 2014 20:57:32 by "java_re" with MS VC++ 10.0 (VS2010)

time: Sat Jun 13 14:49:04 2015
elapsed time: 129 seconds

